13:18:19.241 [main                     ] DEBUG Logger               - Configured Logger
13:18:19.279 [main                     ] DEBUG GameApplication      - Logging settings
Title: DungeonCrawler
Version: 1.0
Width: 800
Height: 800
Fullscreen: false
Intro: false
Profiling: false
Single step:false
App Mode: DEVELOPER
Menu Key: ESCAPE
Stage Style: DECORATED
Scene Factory: class com.almasb.fxgl.app.scene.SceneFactory

13:18:19.803 [JavaFX Application Thread] DEBUG FXGLApplication      - Initializing FXGL
13:18:19.810 [JavaFX Application Thread] INFO  Engine               - FXGL-17.2 (20.08.2022 16.50) on WINDOWS (J:17.0.1 FX:18)
13:18:19.810 [JavaFX Application Thread] DEBUG Engine               - JRE Vendor Name: Oracle Corporation
13:18:19.810 [JavaFX Application Thread] DEBUG Engine               - Running on OS: Windows 10 version 10.0
13:18:19.810 [JavaFX Application Thread] DEBUG Engine               - Architecture: amd64
13:18:19.811 [JavaFX Application Thread] INFO  Engine               - Source code and latest versions at: https://github.com/AlmasB/FXGL
13:18:19.811 [JavaFX Application Thread] INFO  Engine               -       Ask questions and discuss at: https://github.com/AlmasB/FXGL/discussions
13:18:19.811 [JavaFX Application Thread] INFO  Engine               -              Join the FXGL chat at: https://gitter.im/AlmasB/FXGL
13:18:19.951 [JavaFX Application Thread] DEBUG PrimaryStageWindow   - Creating a JavaFX scene
13:18:20.039 [JavaFX Application Thread] DEBUG PrimaryStageWindow   - Target settings size: 800.0 x 800.0
13:18:20.040 [JavaFX Application Thread] DEBUG PrimaryStageWindow   - Scaled scene size:    800.0 x 800.0
13:18:20.040 [JavaFX Application Thread] DEBUG PrimaryStageWindow   - Scaled ratio: (1.0, 1.0)
13:18:20.041 [JavaFX Application Thread] DEBUG PrimaryStageWindow   - Set initial scene to FXGLStartupScene
13:18:20.049 [JavaFX Application Thread] DEBUG PrimaryStageWindow   - Opening main window
13:18:20.147 [JavaFX Application Thread] DEBUG PrimaryStageWindow   - Window border size: (16.0, 39.0)
13:18:20.147 [JavaFX Application Thread] DEBUG PrimaryStageWindow   - Scaled size: 800.0 x 800.0
13:18:20.147 [JavaFX Application Thread] DEBUG PrimaryStageWindow   - Scaled ratio: (1.0, 1.0)
13:18:20.148 [JavaFX Application Thread] DEBUG PrimaryStageWindow   - Scene size: 800.0 x 800.0
13:18:20.148 [JavaFX Application Thread] DEBUG PrimaryStageWindow   - Stage size: 816.0 x 839.0
13:18:20.156 [FXGL Background Thread 1 ] DEBUG Engine               - Initializing environment variables
13:18:20.206 [FXGL Background Thread 1 ] DEBUG FXGLAssetLoaderServi - User app class for loading assets: class view.GameView
13:18:20.207 [FXGL Background Thread 1 ] DEBUG GameApplicationServi - Applying CSS: fxgl_dark.css
13:18:20.208 [FXGL Background Thread 1 ] DEBUG FXGLAssetLoaderServi - Loading from file system: jar:file:/C:/Users/yakok/.m2/repository/com/github/almasb/fxgl/17.2/fxgl-17.2.jar!/fxglassets/ui/css/fxgl_dark.css
13:18:20.251 [FXGL Background Thread 1 ] DEBUG GameApplicationServi - Initializing application scenes
13:18:20.289 [FXGL Background Thread 1 ] DEBUG GameWorld            - controller.general.GameApp world initialized
13:18:20.347 [FXGL Background Thread 1 ] DEBUG PhysicsWorld         - Physics world initialized: appHeight=800, physics.ppm=50,0
13:18:20.347 [FXGL Background Thread 1 ] DEBUG PhysicsWorld         - Using strategy: BRUTE_FORCE
13:18:20.351 [FXGL Background Thread 1 ] DEBUG GameScene            - controller.general.GameApp scene initialized: 800x800
13:18:20.369 [FXGL Background Thread 1 ] DEBUG FXGL.DefaultMenu     - createMenuBodyGameMenu()
13:18:20.388 [FXGL Background Thread 1 ] DEBUG FXGL.DefaultMenu     - createOptionsMenu()
13:18:20.401 [FXGL Background Thread 1 ] DEBUG FXGLAssetLoaderServi - Loading from file system: jar:file:/C:/Users/yakok/.m2/repository/com/github/almasb/fxgl/17.2/fxgl-17.2.jar!/fxglassets/textures/particles/smoke.png
13:18:20.478 [FXGL Background Thread 1 ] DEBUG FXGLAssetLoaderServi - Loading from file system: jar:file:/C:/Users/yakok/.m2/repository/com/github/almasb/fxgl/17.2/fxgl-17.2.jar!/fxglassets/textures/particles/trace_horizontal.png
13:18:20.508 [FXGL Background Thread 1 ] DEBUG GameApplicationServi - Application scenes initialized
13:18:20.523 [FXGL Background Thread 1 ] DEBUG SystemBundleService  - Loading FXGL system data
13:18:20.528 [FXGL Background Thread 1 ] DEBUG FileSystemAccess     - Reading from: C:\Users\yakok\Desktop\Java\DungeonCrawler\system\fxgl.bundle
13:18:20.535 [FXGL Background Thread 1 ] DEBUG SystemBundleService  - Bundle FXGL: {}
13:18:20.536 [FXGL Background Thread 1 ] DEBUG UpdaterService       - Checking for updates
13:18:20.542 [FXGL Background Thread 4 ] DEBUG FXGLApplication      - Loading fonts
13:18:20.542 [FXGL Background Thread 1 ] DEBUG FXGLApplication      - Loading default localization
13:18:20.543 [FXGL Background Thread 1 ] DEBUG FXGLAssetLoaderServi - Loading from file system: jar:file:/C:/Users/yakok/.m2/repository/com/github/almasb/fxgl/17.2/fxgl-17.2.jar!/fxglassets/languages/english.lang
13:18:20.543 [FXGL Background Thread 4 ] DEBUG FXGLAssetLoaderServi - Loading from file system: jar:file:/C:/Users/yakok/.m2/repository/com/github/almasb/fxgl/17.2/fxgl-17.2.jar!/fxglassets/ui/fonts/VarelaRound-Regular.ttf
13:18:20.574 [FXGL Background Thread 1 ] INFO  FXGLApplication      - FXGL initialization took: 0,417 sec
13:18:20.575 [JavaFX Application Thread] DEBUG FXGLAssetLoaderServi - Loading from file system: jar:file:/C:/Users/yakok/.m2/repository/com/github/almasb/fxgl/17.2/fxgl-17.2.jar!/fxglassets/textures/fxgl_icon.png
13:18:20.593 [JavaFX Application Thread] DEBUG FXGLAssetLoaderServi - Loading from file system: jar:file:/C:/Users/yakok/.m2/repository/com/github/almasb/fxgl/17.2/fxgl-17.2.jar!/fxglassets/textures/fxgl_default_cursor.png
13:18:20.606 [JavaFX Application Thread] DEBUG Input                - Registered new binding: Screenshot - CTRL+8
13:18:20.606 [JavaFX Application Thread] DEBUG Input                - Registered new binding: System info dump - CTRL+9
13:18:20.607 [JavaFX Application Thread] DEBUG Input                - Registered new binding: Restart - CTRL+R
13:18:20.608 [JavaFX Application Thread] DEBUG Input                - Registered new binding: Toggle Debug Camera - CTRL+7
13:18:20.612 [JavaFX Application Thread] DEBUG LoopRunner           - Starting loop
13:18:20.612 [JavaFX Application Thread] DEBUG LoopRunner           - Initializing JavaFX AnimationTimerLoop
13:18:20.614 [JavaFX Application Thread] DEBUG GameApplicationServi - Starting new game
13:18:20.615 [JavaFX Application Thread] DEBUG Input                - Clearing active input actions
13:18:20.624 [JavaFX Application Thread] DEBUG GameApplicationServi - Removing overlay from FXGLStartupScene and adding to FXGLLoadingScene
13:18:20.624 [JavaFX Application Thread] DEBUG PrimaryStageWindow   - FXGLStartupScene -> FXGLLoadingScene
13:18:20.624 [JavaFX Application Thread] DEBUG GameApplicationServi - Clearing previous game
13:18:20.625 [JavaFX Application Thread] DEBUG GameScene            - Clearing game scene
13:18:20.625 [JavaFX Application Thread] DEBUG GameWorld            - Clearing game world
13:18:20.625 [JavaFX Application Thread] DEBUG PhysicsWorld         - Clearing physics world
13:18:20.626 [FXGL Background Thread 1 ] DEBUG FXGLApplication      - Initializing game
13:18:20.643 [FXGL Background Thread 1 ] INFO  FXGLApplication      - controller.general.GameApp initialization took: 0,016 sec
13:18:20.653 [FXGL Background Thread 4 ] DEBUG FXGLAssetLoaderServi - Loading from file system: jar:file:/C:/Users/yakok/.m2/repository/com/github/almasb/fxgl/17.2/fxgl-17.2.jar!/fxglassets/ui/fonts/Abel-Regular.ttf
13:18:20.658 [FXGL Background Thread 4 ] DEBUG FXGLAssetLoaderServi - Loading from file system: jar:file:/C:/Users/yakok/.m2/repository/com/github/almasb/fxgl/17.2/fxgl-17.2.jar!/fxglassets/ui/fonts/TerminalLandMono-Regular.otf
13:18:20.663 [FXGL Background Thread 4 ] DEBUG FXGLAssetLoaderServi - Loading from file system: jar:file:/C:/Users/yakok/.m2/repository/com/github/almasb/fxgl/17.2/fxgl-17.2.jar!/fxglassets/ui/fonts/Courier-Prime.ttf
13:18:20.685 [JavaFX Application Thread] DEBUG Input                - Clearing active input actions
13:18:20.691 [JavaFX Application Thread] DEBUG GameApplicationServi - Removing overlay from FXGLLoadingScene and adding to GameScene
13:18:20.692 [JavaFX Application Thread] DEBUG PrimaryStageWindow   - FXGLLoadingScene -> GameScene
13:18:20.694 [JavaFX Application Thread] DEBUG FXGLApplication      - Registering font factories with UI factory
13:18:23.540 [FXGL Background Thread 3 ] DEBUG Engine               - Logging environment variables
13:18:23.540 [FXGL Background Thread 3 ] DEBUG Engine               - achievements: []
13:18:23.540 [FXGL Background Thread 3 ] DEBUG Engine               - actualHeight: 800.0
13:18:23.540 [FXGL Background Thread 3 ] DEBUG Engine               - actualHeightProperty: ReadOnlyDoubleProperty [value: 800.0]
13:18:23.540 [FXGL Background Thread 3 ] DEBUG Engine               - actualWidth: 800.0
13:18:23.541 [FXGL Background Thread 3 ] DEBUG Engine               - actualWidthProperty: ReadOnlyDoubleProperty [value: 800.0]
13:18:23.541 [FXGL Background Thread 3 ] DEBUG Engine               - appIcon: fxgl_icon.png
13:18:23.541 [FXGL Background Thread 3 ] DEBUG Engine               - applicationMode: DEVELOPER
13:18:23.541 [FXGL Background Thread 3 ] DEBUG Engine               - cSSList: [fxgl_dark.css]
13:18:23.541 [FXGL Background Thread 3 ] DEBUG Engine               - collisionDetectionStrategy: BRUTE_FORCE
13:18:23.541 [FXGL Background Thread 3 ] DEBUG Engine               - configClass: Optional.empty
13:18:23.541 [FXGL Background Thread 3 ] DEBUG Engine               - credits: []
13:18:23.541 [FXGL Background Thread 3 ] DEBUG Engine               - defaultCursor: CursorInfo(imageName=fxgl_default_cursor.png, hotspotX=7.0, hotspotY=6.0)
13:18:23.542 [FXGL Background Thread 3 ] DEBUG Engine               - devBBoxColorProperty: ObjectProperty [value: 0xff0000ff]
13:18:23.542 [FXGL Background Thread 3 ] DEBUG Engine               - devEnableDebugCameraProperty: BooleanProperty [value: false]
13:18:23.542 [FXGL Background Thread 3 ] DEBUG Engine               - devSensorColorProperty: ObjectProperty [value: 0xffff00ff]
13:18:23.542 [FXGL Background Thread 3 ] DEBUG Engine               - devShowBBoxProperty: BooleanProperty [value: false]
13:18:23.542 [FXGL Background Thread 3 ] DEBUG Engine               - devShowPositionProperty: BooleanProperty [value: false]
13:18:23.542 [FXGL Background Thread 3 ] DEBUG Engine               - enabledMenuItems: []
13:18:23.542 [FXGL Background Thread 3 ] DEBUG Engine               - engineServices: [class com.almasb.fxgl.app.services.FXGLAssetLoaderService, class com.almasb.fxgl.app.FXGLApplication$GameApplicationService, class com.almasb.fxgl.app.services.FXGLDialogService, class com.almasb.fxgl.app.services.IOTaskExecutorService, class com.almasb.fxgl.io.FileSystemService, class com.almasb.fxgl.localization.LocalizationService, class com.almasb.fxgl.app.services.SystemBundleService, class com.almasb.fxgl.profile.SaveLoadService, class com.almasb.fxgl.ui.FXGLUIFactoryServiceProvider, class com.almasb.fxgl.ui.FXGLDialogFactoryServiceProvider, class com.almasb.fxgl.audio.AudioPlayer, class com.almasb.fxgl.notification.impl.NotificationServiceProvider, class com.almasb.fxgl.achievement.AchievementService, class com.almasb.fxgl.cutscene.CutsceneService, class com.almasb.fxgl.minigames.MiniGameService, class com.almasb.fxgl.net.NetService, class com.almasb.fxgl.app.services.UpdaterService, class com.almasb.fxgl.dev.DevService]
13:18:23.542 [FXGL Background Thread 3 ] DEBUG Engine               - fontGame: Abel-Regular.ttf
13:18:23.542 [FXGL Background Thread 3 ] DEBUG Engine               - fontMono: TerminalLandMono-Regular.otf
13:18:23.543 [FXGL Background Thread 3 ] DEBUG Engine               - fontText: Courier-Prime.ttf
13:18:23.543 [FXGL Background Thread 3 ] DEBUG Engine               - fontUI: VarelaRound-Regular.ttf
13:18:23.543 [FXGL Background Thread 3 ] DEBUG Engine               - fullScreen: BooleanProperty [value: false]
13:18:23.543 [FXGL Background Thread 3 ] DEBUG Engine               - gameDifficulty: MEDIUM
13:18:23.543 [FXGL Background Thread 3 ] DEBUG Engine               - gameDifficultyProperty: ObjectProperty [value: MEDIUM]
13:18:23.543 [FXGL Background Thread 3 ] DEBUG Engine               - globalMusicVolume: 0.5
13:18:23.543 [FXGL Background Thread 3 ] DEBUG Engine               - globalMusicVolumeProperty: DoubleProperty [value: 0.5]
13:18:23.543 [FXGL Background Thread 3 ] DEBUG Engine               - globalSoundVolume: 0.5
13:18:23.543 [FXGL Background Thread 3 ] DEBUG Engine               - globalSoundVolumeProperty: DoubleProperty [value: 0.5]
13:18:23.543 [FXGL Background Thread 3 ] DEBUG Engine               - height: 800
13:18:23.544 [FXGL Background Thread 3 ] DEBUG Engine               - is3D: false
13:18:23.544 [FXGL Background Thread 3 ] DEBUG Engine               - isAndroid: false
13:18:23.544 [FXGL Background Thread 3 ] DEBUG Engine               - isBrowser: false
13:18:23.544 [FXGL Background Thread 3 ] DEBUG Engine               - isClickFeedbackEnabled: false
13:18:23.544 [FXGL Background Thread 3 ] DEBUG Engine               - isCloseConfirmation: false
13:18:23.544 [FXGL Background Thread 3 ] DEBUG Engine               - isDesktop: true
13:18:23.544 [FXGL Background Thread 3 ] DEBUG Engine               - isDeveloperMenuEnabled: false
13:18:23.544 [FXGL Background Thread 3 ] DEBUG Engine               - isEmbedded: false
13:18:23.544 [FXGL Background Thread 3 ] DEBUG Engine               - isEntityPreloadEnabled: true
13:18:23.544 [FXGL Background Thread 3 ] DEBUG Engine               - isExperimentalTiledLargeMap: false
13:18:23.544 [FXGL Background Thread 3 ] DEBUG Engine               - isFileSystemWriteAllowed: true
13:18:23.544 [FXGL Background Thread 3 ] DEBUG Engine               - isFullScreenAllowed: false
13:18:23.544 [FXGL Background Thread 3 ] DEBUG Engine               - isFullScreenFromStart: false
13:18:23.545 [FXGL Background Thread 3 ] DEBUG Engine               - isGameMenuEnabled: true
13:18:23.545 [FXGL Background Thread 3 ] DEBUG Engine               - isIOS: false
13:18:23.545 [FXGL Background Thread 3 ] DEBUG Engine               - isIntroEnabled: false
13:18:23.545 [FXGL Background Thread 3 ] DEBUG Engine               - isLinux: false
13:18:23.545 [FXGL Background Thread 3 ] DEBUG Engine               - isMac: false
13:18:23.545 [FXGL Background Thread 3 ] DEBUG Engine               - isMainMenuEnabled: false
13:18:23.545 [FXGL Background Thread 3 ] DEBUG Engine               - isManualResizeEnabled: false
13:18:23.545 [FXGL Background Thread 3 ] DEBUG Engine               - isMobile: false
13:18:23.545 [FXGL Background Thread 3 ] DEBUG Engine               - isNative: false
13:18:23.545 [FXGL Background Thread 3 ] DEBUG Engine               - isPauseMusicWhenMinimized: true
13:18:23.545 [FXGL Background Thread 3 ] DEBUG Engine               - isPreserveResizeRatio: false
13:18:23.545 [FXGL Background Thread 3 ] DEBUG Engine               - isProfilingEnabled: false
13:18:23.545 [FXGL Background Thread 3 ] DEBUG Engine               - isScaleAffectedOnResize: true
13:18:23.545 [FXGL Background Thread 3 ] DEBUG Engine               - isSingleStep: false
13:18:23.545 [FXGL Background Thread 3 ] DEBUG Engine               - isUserProfileEnabled: false
13:18:23.545 [FXGL Background Thread 3 ] DEBUG Engine               - isWindows: true
13:18:23.546 [FXGL Background Thread 3 ] DEBUG Engine               - language: ObjectProperty [value: ENGLISH]
13:18:23.546 [FXGL Background Thread 3 ] DEBUG Engine               - menuKey: ESCAPE
13:18:23.546 [FXGL Background Thread 3 ] DEBUG Engine               - mouseSensitivity: 0.2
13:18:23.546 [FXGL Background Thread 3 ] DEBUG Engine               - notificationViewClass: class com.almasb.fxgl.notification.view.XboxNotificationView
13:18:23.546 [FXGL Background Thread 3 ] DEBUG Engine               - pixelsPerMeter: 50.0
13:18:23.546 [FXGL Background Thread 3 ] DEBUG Engine               - platform: WINDOWS
13:18:23.546 [FXGL Background Thread 3 ] DEBUG Engine               - prefHeightProperty: ReadOnlyDoubleProperty [value: 800.0]
13:18:23.546 [FXGL Background Thread 3 ] DEBUG Engine               - prefWidthProperty: ReadOnlyDoubleProperty [value: 800.0]
13:18:23.546 [FXGL Background Thread 3 ] DEBUG Engine               - profileDir: profiles/
13:18:23.546 [FXGL Background Thread 3 ] DEBUG Engine               - profileName: StringProperty [value: DEFAULT]
13:18:23.546 [FXGL Background Thread 3 ] DEBUG Engine               - randomSeed: -1
13:18:23.547 [FXGL Background Thread 3 ] DEBUG Engine               - runtimeInfo: RuntimeInfo(platform=WINDOWS, version=17.2, build=20.08.2022 16.50)
13:18:23.547 [FXGL Background Thread 3 ] DEBUG Engine               - saveFileExt: sav
13:18:23.547 [FXGL Background Thread 3 ] DEBUG Engine               - scaledHeightProp$fxgl: DoubleProperty [bound, value: 800.0]
13:18:23.547 [FXGL Background Thread 3 ] DEBUG Engine               - scaledWidthProp$fxgl: DoubleProperty [bound, value: 800.0]
13:18:23.547 [FXGL Background Thread 3 ] DEBUG Engine               - sceneFactory: com.almasb.fxgl.app.scene.SceneFactory@7d95ee81
13:18:23.547 [FXGL Background Thread 3 ] DEBUG Engine               - secondsIn24h: 60
13:18:23.547 [FXGL Background Thread 3 ] DEBUG Engine               - soundMenuBack: menu/back.wav
13:18:23.547 [FXGL Background Thread 3 ] DEBUG Engine               - soundMenuPress: menu/press.wav
13:18:23.547 [FXGL Background Thread 3 ] DEBUG Engine               - soundMenuSelect: menu/select.wav
13:18:23.548 [FXGL Background Thread 3 ] DEBUG Engine               - soundNotification: core/notification.wav
13:18:23.548 [FXGL Background Thread 3 ] DEBUG Engine               - stageStyle: DECORATED
13:18:23.548 [FXGL Background Thread 3 ] DEBUG Engine               - supportedLanguages: [ENGLISH, FRENCH, GERMAN, HUNGARIAN, RUSSIAN]
13:18:23.548 [FXGL Background Thread 3 ] DEBUG Engine               - ticksPerSecond: -1
13:18:23.548 [FXGL Background Thread 3 ] DEBUG Engine               - title: DungeonCrawler
13:18:23.548 [FXGL Background Thread 3 ] DEBUG Engine               - urlGithub: https://github.com/AlmasB/FXGL
13:18:23.548 [FXGL Background Thread 3 ] DEBUG Engine               - urlLeaderboard: http://fxgl-top.herokuapp.com/
13:18:23.548 [FXGL Background Thread 3 ] DEBUG Engine               - urlPOM: https://raw.githubusercontent.com/AlmasB/FXGL/release/README.md
13:18:23.548 [FXGL Background Thread 3 ] DEBUG Engine               - userAppClass: class view.GameView
13:18:23.548 [FXGL Background Thread 3 ] DEBUG Engine               - version: 1.0
13:18:23.548 [FXGL Background Thread 3 ] DEBUG Engine               - versionCheckDays: 7
13:18:23.548 [FXGL Background Thread 3 ] DEBUG Engine               - width: 800
13:18:23.548 [FXGL Background Thread 3 ] DEBUG Engine               - Logging services
13:18:23.548 [FXGL Background Thread 3 ] DEBUG Engine               - class com.almasb.fxgl.app.services.FXGLAssetLoaderService
13:18:23.549 [FXGL Background Thread 3 ] DEBUG Engine               - class com.almasb.fxgl.app.FXGLApplication$GameApplicationService
13:18:23.549 [FXGL Background Thread 3 ] DEBUG Engine               - class com.almasb.fxgl.app.services.FXGLDialogService
13:18:23.549 [FXGL Background Thread 3 ] DEBUG Engine               - class com.almasb.fxgl.app.services.IOTaskExecutorService
13:18:23.549 [FXGL Background Thread 3 ] DEBUG Engine               - class com.almasb.fxgl.io.FileSystemService
13:18:23.549 [FXGL Background Thread 3 ] DEBUG Engine               - class com.almasb.fxgl.localization.LocalizationService
13:18:23.549 [FXGL Background Thread 3 ] DEBUG Engine               - class com.almasb.fxgl.app.services.SystemBundleService
13:18:23.549 [FXGL Background Thread 3 ] DEBUG Engine               - class com.almasb.fxgl.profile.SaveLoadService
13:18:23.549 [FXGL Background Thread 3 ] DEBUG Engine               - class com.almasb.fxgl.ui.FXGLUIFactoryServiceProvider
13:18:23.549 [FXGL Background Thread 3 ] DEBUG Engine               - class com.almasb.fxgl.ui.FXGLDialogFactoryServiceProvider
13:18:23.549 [FXGL Background Thread 3 ] DEBUG Engine               - class com.almasb.fxgl.audio.AudioPlayer
13:18:23.549 [FXGL Background Thread 3 ] DEBUG Engine               - class com.almasb.fxgl.notification.impl.NotificationServiceProvider
13:18:23.549 [FXGL Background Thread 3 ] DEBUG Engine               - class com.almasb.fxgl.achievement.AchievementService
13:18:23.549 [FXGL Background Thread 3 ] DEBUG Engine               - class com.almasb.fxgl.cutscene.CutsceneService
13:18:23.550 [FXGL Background Thread 3 ] DEBUG Engine               - class com.almasb.fxgl.minigames.MiniGameService
13:18:23.550 [FXGL Background Thread 3 ] DEBUG Engine               - class com.almasb.fxgl.net.NetService
13:18:23.550 [FXGL Background Thread 3 ] DEBUG Engine               - class com.almasb.fxgl.app.services.UpdaterService
13:18:23.550 [FXGL Background Thread 3 ] DEBUG Engine               - class com.almasb.fxgl.dev.DevService
13:18:24.101 [JavaFX Application Thread] DEBUG FXGLApplication      - Exiting FXGL
13:18:24.101 [JavaFX Application Thread] DEBUG LoopRunner           - Stopping loop
13:18:24.101 [JavaFX Application Thread] DEBUG SystemBundleService  - Saving FXGL system data
13:18:24.103 [JavaFX Application Thread] DEBUG FileSystemAccess     - Writing to: C:\Users\yakok\Desktop\Java\DungeonCrawler\system\fxgl.bundle
13:18:24.105 [JavaFX Application Thread] DEBUG Async                - Shutting down background threads
13:18:24.105 [JavaFX Application Thread] DEBUG PrimaryStageWindow   - Closing main window
13:18:24.115 [JavaFX Application Thread] DEBUG Logger               - Closing Logger
