13:43:28.541 [main                     ] DEBUG Logger               - Configured Logger
13:43:28.565 [main                     ] DEBUG GameApplication      - Logging settings
Title: DungeonCrawler
Version: 1.0
Width: 800
Height: 800
Fullscreen: false
Intro: false
Profiling: false
Single step:false
App Mode: DEVELOPER
Menu Key: ESCAPE
Stage Style: DECORATED
Scene Factory: class com.almasb.fxgl.app.scene.SceneFactory

13:43:29.169 [JavaFX Application Thread] DEBUG FXGLApplication      - Initializing FXGL
13:43:29.175 [JavaFX Application Thread] INFO  Engine               - FXGL-17.2 (20.08.2022 16.50) on WINDOWS (J:17.0.1 FX:18)
13:43:29.176 [JavaFX Application Thread] DEBUG Engine               - JRE Vendor Name: Oracle Corporation
13:43:29.176 [JavaFX Application Thread] DEBUG Engine               - Running on OS: Windows 10 version 10.0
13:43:29.176 [JavaFX Application Thread] DEBUG Engine               - Architecture: amd64
13:43:29.176 [JavaFX Application Thread] INFO  Engine               - Source code and latest versions at: https://github.com/AlmasB/FXGL
13:43:29.176 [JavaFX Application Thread] INFO  Engine               -       Ask questions and discuss at: https://github.com/AlmasB/FXGL/discussions
13:43:29.177 [JavaFX Application Thread] INFO  Engine               -              Join the FXGL chat at: https://gitter.im/AlmasB/FXGL
13:43:29.288 [JavaFX Application Thread] DEBUG PrimaryStageWindow   - Creating a JavaFX scene
13:43:29.330 [JavaFX Application Thread] DEBUG PrimaryStageWindow   - Target settings size: 800.0 x 800.0
13:43:29.330 [JavaFX Application Thread] DEBUG PrimaryStageWindow   - Scaled scene size:    800.0 x 800.0
13:43:29.331 [JavaFX Application Thread] DEBUG PrimaryStageWindow   - Scaled ratio: (1.0, 1.0)
13:43:29.332 [JavaFX Application Thread] DEBUG PrimaryStageWindow   - Set initial scene to FXGLStartupScene
13:43:29.339 [JavaFX Application Thread] DEBUG PrimaryStageWindow   - Opening main window
13:43:29.429 [JavaFX Application Thread] DEBUG PrimaryStageWindow   - Window border size: (16.0, 39.0)
13:43:29.429 [JavaFX Application Thread] DEBUG PrimaryStageWindow   - Scaled size: 800.0 x 800.0
13:43:29.429 [JavaFX Application Thread] DEBUG PrimaryStageWindow   - Scaled ratio: (1.0, 1.0)
13:43:29.430 [JavaFX Application Thread] DEBUG PrimaryStageWindow   - Scene size: 800.0 x 800.0
13:43:29.430 [JavaFX Application Thread] DEBUG PrimaryStageWindow   - Stage size: 816.0 x 839.0
13:43:29.437 [FXGL Background Thread 1 ] DEBUG Engine               - Initializing environment variables
13:43:29.483 [FXGL Background Thread 1 ] DEBUG FXGLAssetLoaderServi - User app class for loading assets: class view.GameView
13:43:29.483 [FXGL Background Thread 1 ] DEBUG GameApplicationServi - Applying CSS: fxgl_dark.css
13:43:29.484 [FXGL Background Thread 1 ] DEBUG FXGLAssetLoaderServi - Loading from file system: jar:file:/C:/Users/yakok/.m2/repository/com/github/almasb/fxgl/17.2/fxgl-17.2.jar!/fxglassets/ui/css/fxgl_dark.css
13:43:29.521 [FXGL Background Thread 1 ] DEBUG GameApplicationServi - Initializing application scenes
13:43:29.553 [FXGL Background Thread 1 ] DEBUG GameWorld            - controller.general.GameApp world initialized
13:43:29.606 [FXGL Background Thread 1 ] DEBUG PhysicsWorld         - Physics world initialized: appHeight=800, physics.ppm=50,0
13:43:29.606 [FXGL Background Thread 1 ] DEBUG PhysicsWorld         - Using strategy: BRUTE_FORCE
13:43:29.610 [FXGL Background Thread 1 ] DEBUG GameScene            - controller.general.GameApp scene initialized: 800x800
13:43:29.622 [FXGL Background Thread 1 ] DEBUG FXGL.DefaultMenu     - createMenuBodyGameMenu()
13:43:29.638 [FXGL Background Thread 1 ] DEBUG FXGL.DefaultMenu     - createOptionsMenu()
13:43:29.649 [FXGL Background Thread 1 ] DEBUG FXGLAssetLoaderServi - Loading from file system: jar:file:/C:/Users/yakok/.m2/repository/com/github/almasb/fxgl/17.2/fxgl-17.2.jar!/fxglassets/textures/particles/smoke.png
13:43:29.727 [FXGL Background Thread 1 ] DEBUG FXGLAssetLoaderServi - Loading from file system: jar:file:/C:/Users/yakok/.m2/repository/com/github/almasb/fxgl/17.2/fxgl-17.2.jar!/fxglassets/textures/particles/trace_horizontal.png
13:43:29.753 [FXGL Background Thread 1 ] DEBUG GameApplicationServi - Application scenes initialized
13:43:29.765 [FXGL Background Thread 1 ] DEBUG SystemBundleService  - Loading FXGL system data
13:43:29.769 [FXGL Background Thread 1 ] DEBUG FileSystemAccess     - Reading from: C:\Users\yakok\Desktop\Java\DungeonCrawler\system\fxgl.bundle
13:43:29.773 [FXGL Background Thread 1 ] DEBUG SystemBundleService  - Bundle FXGL: {}
13:43:29.773 [FXGL Background Thread 1 ] DEBUG UpdaterService       - Checking for updates
13:43:29.779 [FXGL Background Thread 4 ] DEBUG FXGLApplication      - Loading fonts
13:43:29.780 [FXGL Background Thread 4 ] DEBUG FXGLAssetLoaderServi - Loading from file system: jar:file:/C:/Users/yakok/.m2/repository/com/github/almasb/fxgl/17.2/fxgl-17.2.jar!/fxglassets/ui/fonts/VarelaRound-Regular.ttf
13:43:29.780 [FXGL Background Thread 1 ] DEBUG FXGLApplication      - Loading default localization
13:43:29.781 [FXGL Background Thread 1 ] DEBUG FXGLAssetLoaderServi - Loading from file system: jar:file:/C:/Users/yakok/.m2/repository/com/github/almasb/fxgl/17.2/fxgl-17.2.jar!/fxglassets/languages/english.lang
13:43:29.801 [FXGL Background Thread 1 ] INFO  FXGLApplication      - FXGL initialization took: 0,364 sec
13:43:29.805 [JavaFX Application Thread] DEBUG Input                - Registered new binding: LMB - LMB
13:43:29.806 [JavaFX Application Thread] DEBUG FXGLAssetLoaderServi - Loading from file system: jar:file:/C:/Users/yakok/.m2/repository/com/github/almasb/fxgl/17.2/fxgl-17.2.jar!/fxglassets/textures/fxgl_icon.png
13:43:29.820 [JavaFX Application Thread] DEBUG FXGLAssetLoaderServi - Loading from file system: jar:file:/C:/Users/yakok/.m2/repository/com/github/almasb/fxgl/17.2/fxgl-17.2.jar!/fxglassets/textures/fxgl_default_cursor.png
13:43:29.829 [JavaFX Application Thread] DEBUG Input                - Registered new binding: Screenshot - CTRL+8
13:43:29.829 [JavaFX Application Thread] DEBUG Input                - Registered new binding: System info dump - CTRL+9
13:43:29.830 [JavaFX Application Thread] DEBUG Input                - Registered new binding: Restart - CTRL+R
13:43:29.830 [JavaFX Application Thread] DEBUG Input                - Registered new binding: Toggle Debug Camera - CTRL+7
13:43:29.832 [JavaFX Application Thread] DEBUG LoopRunner           - Starting loop
13:43:29.832 [JavaFX Application Thread] DEBUG LoopRunner           - Initializing JavaFX AnimationTimerLoop
13:43:29.834 [JavaFX Application Thread] DEBUG GameApplicationServi - Starting new game
13:43:29.834 [JavaFX Application Thread] DEBUG Input                - Clearing active input actions
13:43:29.839 [FXGL Background Thread 4 ] DEBUG FXGLAssetLoaderServi - Loading from file system: jar:file:/C:/Users/yakok/.m2/repository/com/github/almasb/fxgl/17.2/fxgl-17.2.jar!/fxglassets/ui/fonts/Abel-Regular.ttf
13:43:29.843 [FXGL Background Thread 4 ] DEBUG FXGLAssetLoaderServi - Loading from file system: jar:file:/C:/Users/yakok/.m2/repository/com/github/almasb/fxgl/17.2/fxgl-17.2.jar!/fxglassets/ui/fonts/TerminalLandMono-Regular.otf
13:43:29.843 [JavaFX Application Thread] DEBUG GameApplicationServi - Removing overlay from FXGLStartupScene and adding to FXGLLoadingScene
13:43:29.844 [JavaFX Application Thread] DEBUG PrimaryStageWindow   - FXGLStartupScene -> FXGLLoadingScene
13:43:29.845 [JavaFX Application Thread] DEBUG GameApplicationServi - Clearing previous game
13:43:29.845 [JavaFX Application Thread] DEBUG GameScene            - Clearing game scene
13:43:29.845 [JavaFX Application Thread] DEBUG GameWorld            - Clearing game world
13:43:29.845 [JavaFX Application Thread] DEBUG PhysicsWorld         - Clearing physics world
13:43:29.846 [FXGL Background Thread 1 ] DEBUG FXGLApplication      - Initializing game
13:43:29.847 [FXGL Background Thread 4 ] DEBUG FXGLAssetLoaderServi - Loading from file system: jar:file:/C:/Users/yakok/.m2/repository/com/github/almasb/fxgl/17.2/fxgl-17.2.jar!/fxglassets/ui/fonts/Courier-Prime.ttf
13:43:29.854 [FXGL Background Thread 1 ] INFO  FXGLApplication      - controller.general.GameApp initialization took: 0,008 sec
13:43:29.888 [JavaFX Application Thread] DEBUG Input                - Clearing active input actions
13:43:29.893 [JavaFX Application Thread] DEBUG GameApplicationServi - Removing overlay from FXGLLoadingScene and adding to GameScene
13:43:29.893 [JavaFX Application Thread] DEBUG PrimaryStageWindow   - FXGLLoadingScene -> GameScene
13:43:29.893 [JavaFX Application Thread] DEBUG FXGLApplication      - Registering font factories with UI factory
13:43:32.779 [FXGL Background Thread 3 ] DEBUG Engine               - Logging environment variables
13:43:32.779 [FXGL Background Thread 3 ] DEBUG Engine               - achievements: []
13:43:32.779 [FXGL Background Thread 3 ] DEBUG Engine               - actualHeight: 800.0
13:43:32.779 [FXGL Background Thread 3 ] DEBUG Engine               - actualHeightProperty: ReadOnlyDoubleProperty [value: 800.0]
13:43:32.779 [FXGL Background Thread 3 ] DEBUG Engine               - actualWidth: 800.0
13:43:32.780 [FXGL Background Thread 3 ] DEBUG Engine               - actualWidthProperty: ReadOnlyDoubleProperty [value: 800.0]
13:43:32.780 [FXGL Background Thread 3 ] DEBUG Engine               - appIcon: fxgl_icon.png
13:43:32.780 [FXGL Background Thread 3 ] DEBUG Engine               - applicationMode: DEVELOPER
13:43:32.780 [FXGL Background Thread 3 ] DEBUG Engine               - cSSList: [fxgl_dark.css]
13:43:32.780 [FXGL Background Thread 3 ] DEBUG Engine               - collisionDetectionStrategy: BRUTE_FORCE
13:43:32.780 [FXGL Background Thread 3 ] DEBUG Engine               - configClass: Optional.empty
13:43:32.780 [FXGL Background Thread 3 ] DEBUG Engine               - credits: []
13:43:32.780 [FXGL Background Thread 3 ] DEBUG Engine               - defaultCursor: CursorInfo(imageName=fxgl_default_cursor.png, hotspotX=7.0, hotspotY=6.0)
13:43:32.780 [FXGL Background Thread 3 ] DEBUG Engine               - devBBoxColorProperty: ObjectProperty [value: 0xff0000ff]
13:43:32.781 [FXGL Background Thread 3 ] DEBUG Engine               - devEnableDebugCameraProperty: BooleanProperty [value: false]
13:43:32.781 [FXGL Background Thread 3 ] DEBUG Engine               - devSensorColorProperty: ObjectProperty [value: 0xffff00ff]
13:43:32.781 [FXGL Background Thread 3 ] DEBUG Engine               - devShowBBoxProperty: BooleanProperty [value: false]
13:43:32.781 [FXGL Background Thread 3 ] DEBUG Engine               - devShowPositionProperty: BooleanProperty [value: false]
13:43:32.781 [FXGL Background Thread 3 ] DEBUG Engine               - enabledMenuItems: []
13:43:32.781 [FXGL Background Thread 3 ] DEBUG Engine               - engineServices: [class com.almasb.fxgl.app.services.FXGLAssetLoaderService, class com.almasb.fxgl.app.FXGLApplication$GameApplicationService, class com.almasb.fxgl.app.services.FXGLDialogService, class com.almasb.fxgl.app.services.IOTaskExecutorService, class com.almasb.fxgl.io.FileSystemService, class com.almasb.fxgl.localization.LocalizationService, class com.almasb.fxgl.app.services.SystemBundleService, class com.almasb.fxgl.profile.SaveLoadService, class com.almasb.fxgl.ui.FXGLUIFactoryServiceProvider, class com.almasb.fxgl.ui.FXGLDialogFactoryServiceProvider, class com.almasb.fxgl.audio.AudioPlayer, class com.almasb.fxgl.notification.impl.NotificationServiceProvider, class com.almasb.fxgl.achievement.AchievementService, class com.almasb.fxgl.cutscene.CutsceneService, class com.almasb.fxgl.minigames.MiniGameService, class com.almasb.fxgl.net.NetService, class com.almasb.fxgl.app.services.UpdaterService, class com.almasb.fxgl.dev.DevService]
13:43:32.781 [FXGL Background Thread 3 ] DEBUG Engine               - fontGame: Abel-Regular.ttf
13:43:32.781 [FXGL Background Thread 3 ] DEBUG Engine               - fontMono: TerminalLandMono-Regular.otf
13:43:32.782 [FXGL Background Thread 3 ] DEBUG Engine               - fontText: Courier-Prime.ttf
13:43:32.782 [FXGL Background Thread 3 ] DEBUG Engine               - fontUI: VarelaRound-Regular.ttf
13:43:32.782 [FXGL Background Thread 3 ] DEBUG Engine               - fullScreen: BooleanProperty [value: false]
13:43:32.782 [FXGL Background Thread 3 ] DEBUG Engine               - gameDifficulty: MEDIUM
13:43:32.782 [FXGL Background Thread 3 ] DEBUG Engine               - gameDifficultyProperty: ObjectProperty [value: MEDIUM]
13:43:32.782 [FXGL Background Thread 3 ] DEBUG Engine               - globalMusicVolume: 0.5
13:43:32.782 [FXGL Background Thread 3 ] DEBUG Engine               - globalMusicVolumeProperty: DoubleProperty [value: 0.5]
13:43:32.782 [FXGL Background Thread 3 ] DEBUG Engine               - globalSoundVolume: 0.5
13:43:32.782 [FXGL Background Thread 3 ] DEBUG Engine               - globalSoundVolumeProperty: DoubleProperty [value: 0.5]
13:43:32.782 [FXGL Background Thread 3 ] DEBUG Engine               - height: 800
13:43:32.782 [FXGL Background Thread 3 ] DEBUG Engine               - is3D: false
13:43:32.782 [FXGL Background Thread 3 ] DEBUG Engine               - isAndroid: false
13:43:32.783 [FXGL Background Thread 3 ] DEBUG Engine               - isBrowser: false
13:43:32.783 [FXGL Background Thread 3 ] DEBUG Engine               - isClickFeedbackEnabled: false
13:43:32.783 [FXGL Background Thread 3 ] DEBUG Engine               - isCloseConfirmation: false
13:43:32.783 [FXGL Background Thread 3 ] DEBUG Engine               - isDesktop: true
13:43:32.783 [FXGL Background Thread 3 ] DEBUG Engine               - isDeveloperMenuEnabled: false
13:43:32.783 [FXGL Background Thread 3 ] DEBUG Engine               - isEmbedded: false
13:43:32.783 [FXGL Background Thread 3 ] DEBUG Engine               - isEntityPreloadEnabled: true
13:43:32.783 [FXGL Background Thread 3 ] DEBUG Engine               - isExperimentalTiledLargeMap: false
13:43:32.783 [FXGL Background Thread 3 ] DEBUG Engine               - isFileSystemWriteAllowed: true
13:43:32.783 [FXGL Background Thread 3 ] DEBUG Engine               - isFullScreenAllowed: false
13:43:32.783 [FXGL Background Thread 3 ] DEBUG Engine               - isFullScreenFromStart: false
13:43:32.783 [FXGL Background Thread 3 ] DEBUG Engine               - isGameMenuEnabled: true
13:43:32.784 [FXGL Background Thread 3 ] DEBUG Engine               - isIOS: false
13:43:32.784 [FXGL Background Thread 3 ] DEBUG Engine               - isIntroEnabled: false
13:43:32.784 [FXGL Background Thread 3 ] DEBUG Engine               - isLinux: false
13:43:32.784 [FXGL Background Thread 3 ] DEBUG Engine               - isMac: false
13:43:32.784 [FXGL Background Thread 3 ] DEBUG Engine               - isMainMenuEnabled: false
13:43:32.784 [FXGL Background Thread 3 ] DEBUG Engine               - isManualResizeEnabled: false
13:43:32.784 [FXGL Background Thread 3 ] DEBUG Engine               - isMobile: false
13:43:32.784 [FXGL Background Thread 3 ] DEBUG Engine               - isNative: false
13:43:32.784 [FXGL Background Thread 3 ] DEBUG Engine               - isPauseMusicWhenMinimized: true
13:43:32.784 [FXGL Background Thread 3 ] DEBUG Engine               - isPreserveResizeRatio: false
13:43:32.784 [FXGL Background Thread 3 ] DEBUG Engine               - isProfilingEnabled: false
13:43:32.784 [FXGL Background Thread 3 ] DEBUG Engine               - isScaleAffectedOnResize: true
13:43:32.785 [FXGL Background Thread 3 ] DEBUG Engine               - isSingleStep: false
13:43:32.785 [FXGL Background Thread 3 ] DEBUG Engine               - isUserProfileEnabled: false
13:43:32.785 [FXGL Background Thread 3 ] DEBUG Engine               - isWindows: true
13:43:32.785 [FXGL Background Thread 3 ] DEBUG Engine               - language: ObjectProperty [value: ENGLISH]
13:43:32.785 [FXGL Background Thread 3 ] DEBUG Engine               - menuKey: ESCAPE
13:43:32.785 [FXGL Background Thread 3 ] DEBUG Engine               - mouseSensitivity: 0.2
13:43:32.785 [FXGL Background Thread 3 ] DEBUG Engine               - notificationViewClass: class com.almasb.fxgl.notification.view.XboxNotificationView
13:43:32.785 [FXGL Background Thread 3 ] DEBUG Engine               - pixelsPerMeter: 50.0
13:43:32.785 [FXGL Background Thread 3 ] DEBUG Engine               - platform: WINDOWS
13:43:32.785 [FXGL Background Thread 3 ] DEBUG Engine               - prefHeightProperty: ReadOnlyDoubleProperty [value: 800.0]
13:43:32.785 [FXGL Background Thread 3 ] DEBUG Engine               - prefWidthProperty: ReadOnlyDoubleProperty [value: 800.0]
13:43:32.786 [FXGL Background Thread 3 ] DEBUG Engine               - profileDir: profiles/
13:43:32.786 [FXGL Background Thread 3 ] DEBUG Engine               - profileName: StringProperty [value: DEFAULT]
13:43:32.786 [FXGL Background Thread 3 ] DEBUG Engine               - randomSeed: -1
13:43:32.786 [FXGL Background Thread 3 ] DEBUG Engine               - runtimeInfo: RuntimeInfo(platform=WINDOWS, version=17.2, build=20.08.2022 16.50)
13:43:32.786 [FXGL Background Thread 3 ] DEBUG Engine               - saveFileExt: sav
13:43:32.786 [FXGL Background Thread 3 ] DEBUG Engine               - scaledHeightProp$fxgl: DoubleProperty [bound, value: 800.0]
13:43:32.786 [FXGL Background Thread 3 ] DEBUG Engine               - scaledWidthProp$fxgl: DoubleProperty [bound, value: 800.0]
13:43:32.786 [FXGL Background Thread 3 ] DEBUG Engine               - sceneFactory: com.almasb.fxgl.app.scene.SceneFactory@1fa6871a
13:43:32.787 [FXGL Background Thread 3 ] DEBUG Engine               - secondsIn24h: 60
13:43:32.787 [FXGL Background Thread 3 ] DEBUG Engine               - soundMenuBack: menu/back.wav
13:43:32.787 [FXGL Background Thread 3 ] DEBUG Engine               - soundMenuPress: menu/press.wav
13:43:32.787 [FXGL Background Thread 3 ] DEBUG Engine               - soundMenuSelect: menu/select.wav
13:43:32.787 [FXGL Background Thread 3 ] DEBUG Engine               - soundNotification: core/notification.wav
13:43:32.787 [FXGL Background Thread 3 ] DEBUG Engine               - stageStyle: DECORATED
13:43:32.787 [FXGL Background Thread 3 ] DEBUG Engine               - supportedLanguages: [ENGLISH, FRENCH, GERMAN, HUNGARIAN, RUSSIAN]
13:43:32.787 [FXGL Background Thread 3 ] DEBUG Engine               - ticksPerSecond: -1
13:43:32.787 [FXGL Background Thread 3 ] DEBUG Engine               - title: DungeonCrawler
13:43:32.787 [FXGL Background Thread 3 ] DEBUG Engine               - urlGithub: https://github.com/AlmasB/FXGL
13:43:32.787 [FXGL Background Thread 3 ] DEBUG Engine               - urlLeaderboard: http://fxgl-top.herokuapp.com/
13:43:32.787 [FXGL Background Thread 3 ] DEBUG Engine               - urlPOM: https://raw.githubusercontent.com/AlmasB/FXGL/release/README.md
13:43:32.787 [FXGL Background Thread 3 ] DEBUG Engine               - userAppClass: class view.GameView
13:43:32.787 [FXGL Background Thread 3 ] DEBUG Engine               - version: 1.0
13:43:32.787 [FXGL Background Thread 3 ] DEBUG Engine               - versionCheckDays: 7
13:43:32.787 [FXGL Background Thread 3 ] DEBUG Engine               - width: 800
13:43:32.788 [FXGL Background Thread 3 ] DEBUG Engine               - Logging services
13:43:32.788 [FXGL Background Thread 3 ] DEBUG Engine               - class com.almasb.fxgl.app.services.FXGLAssetLoaderService
13:43:32.788 [FXGL Background Thread 3 ] DEBUG Engine               - class com.almasb.fxgl.app.FXGLApplication$GameApplicationService
13:43:32.788 [FXGL Background Thread 3 ] DEBUG Engine               - class com.almasb.fxgl.app.services.FXGLDialogService
13:43:32.788 [FXGL Background Thread 3 ] DEBUG Engine               - class com.almasb.fxgl.app.services.IOTaskExecutorService
13:43:32.788 [FXGL Background Thread 3 ] DEBUG Engine               - class com.almasb.fxgl.io.FileSystemService
13:43:32.788 [FXGL Background Thread 3 ] DEBUG Engine               - class com.almasb.fxgl.localization.LocalizationService
13:43:32.788 [FXGL Background Thread 3 ] DEBUG Engine               - class com.almasb.fxgl.app.services.SystemBundleService
13:43:32.788 [FXGL Background Thread 3 ] DEBUG Engine               - class com.almasb.fxgl.profile.SaveLoadService
13:43:32.788 [FXGL Background Thread 3 ] DEBUG Engine               - class com.almasb.fxgl.ui.FXGLUIFactoryServiceProvider
13:43:32.788 [FXGL Background Thread 3 ] DEBUG Engine               - class com.almasb.fxgl.ui.FXGLDialogFactoryServiceProvider
13:43:32.788 [FXGL Background Thread 3 ] DEBUG Engine               - class com.almasb.fxgl.audio.AudioPlayer
13:43:32.789 [FXGL Background Thread 3 ] DEBUG Engine               - class com.almasb.fxgl.notification.impl.NotificationServiceProvider
13:43:32.789 [FXGL Background Thread 3 ] DEBUG Engine               - class com.almasb.fxgl.achievement.AchievementService
13:43:32.789 [FXGL Background Thread 3 ] DEBUG Engine               - class com.almasb.fxgl.cutscene.CutsceneService
13:43:32.789 [FXGL Background Thread 3 ] DEBUG Engine               - class com.almasb.fxgl.minigames.MiniGameService
13:43:32.789 [FXGL Background Thread 3 ] DEBUG Engine               - class com.almasb.fxgl.net.NetService
13:43:32.789 [FXGL Background Thread 3 ] DEBUG Engine               - class com.almasb.fxgl.app.services.UpdaterService
13:43:32.789 [FXGL Background Thread 3 ] DEBUG Engine               - class com.almasb.fxgl.dev.DevService
13:43:35.362 [JavaFX Application Thread] DEBUG FXGLApplication      - Exiting FXGL
13:43:35.362 [JavaFX Application Thread] DEBUG LoopRunner           - Stopping loop
13:43:35.362 [JavaFX Application Thread] DEBUG SystemBundleService  - Saving FXGL system data
13:43:35.364 [JavaFX Application Thread] DEBUG FileSystemAccess     - Writing to: C:\Users\yakok\Desktop\Java\DungeonCrawler\system\fxgl.bundle
13:43:35.366 [JavaFX Application Thread] DEBUG Async                - Shutting down background threads
13:43:35.366 [JavaFX Application Thread] DEBUG PrimaryStageWindow   - Closing main window
13:43:35.378 [JavaFX Application Thread] DEBUG Logger               - Closing Logger
