13:38:20.130 [main                     ] DEBUG Logger               - Configured Logger
13:38:20.155 [main                     ] DEBUG GameApplication      - Logging settings
Title: DungeonCrawler
Version: 1.0
Width: 800
Height: 800
Fullscreen: false
Intro: false
Profiling: false
Single step:false
App Mode: DEVELOPER
Menu Key: ESCAPE
Stage Style: DECORATED
Scene Factory: class com.almasb.fxgl.app.scene.SceneFactory

13:38:20.702 [JavaFX Application Thread] DEBUG FXGLApplication      - Initializing FXGL
13:38:20.712 [JavaFX Application Thread] INFO  Engine               - FXGL-17.2 (20.08.2022 16.50) on WINDOWS (J:17.0.1 FX:18)
13:38:20.712 [JavaFX Application Thread] DEBUG Engine               - JRE Vendor Name: Oracle Corporation
13:38:20.713 [JavaFX Application Thread] DEBUG Engine               - Running on OS: Windows 10 version 10.0
13:38:20.713 [JavaFX Application Thread] DEBUG Engine               - Architecture: amd64
13:38:20.713 [JavaFX Application Thread] INFO  Engine               - Source code and latest versions at: https://github.com/AlmasB/FXGL
13:38:20.714 [JavaFX Application Thread] INFO  Engine               -       Ask questions and discuss at: https://github.com/AlmasB/FXGL/discussions
13:38:20.714 [JavaFX Application Thread] INFO  Engine               -              Join the FXGL chat at: https://gitter.im/AlmasB/FXGL
13:38:20.871 [JavaFX Application Thread] DEBUG PrimaryStageWindow   - Creating a JavaFX scene
13:38:20.950 [JavaFX Application Thread] DEBUG PrimaryStageWindow   - Target settings size: 800.0 x 800.0
13:38:20.950 [JavaFX Application Thread] DEBUG PrimaryStageWindow   - Scaled scene size:    800.0 x 800.0
13:38:20.951 [JavaFX Application Thread] DEBUG PrimaryStageWindow   - Scaled ratio: (1.0, 1.0)
13:38:20.952 [JavaFX Application Thread] DEBUG PrimaryStageWindow   - Set initial scene to FXGLStartupScene
13:38:20.960 [JavaFX Application Thread] DEBUG PrimaryStageWindow   - Opening main window
13:38:21.064 [JavaFX Application Thread] DEBUG PrimaryStageWindow   - Window border size: (16.0, 39.0)
13:38:21.064 [JavaFX Application Thread] DEBUG PrimaryStageWindow   - Scaled size: 800.0 x 800.0
13:38:21.064 [JavaFX Application Thread] DEBUG PrimaryStageWindow   - Scaled ratio: (1.0, 1.0)
13:38:21.065 [JavaFX Application Thread] DEBUG PrimaryStageWindow   - Scene size: 800.0 x 800.0
13:38:21.065 [JavaFX Application Thread] DEBUG PrimaryStageWindow   - Stage size: 816.0 x 839.0
13:38:21.076 [FXGL Background Thread 1 ] DEBUG Engine               - Initializing environment variables
13:38:21.114 [FXGL Background Thread 1 ] DEBUG FXGLAssetLoaderServi - User app class for loading assets: class Views.GameView
13:38:21.114 [FXGL Background Thread 1 ] DEBUG GameApplicationServi - Applying CSS: fxgl_dark.css
13:38:21.116 [FXGL Background Thread 1 ] DEBUG FXGLAssetLoaderServi - Loading from file system: jar:file:/C:/Users/yakok/.m2/repository/com/github/almasb/fxgl/17.2/fxgl-17.2.jar!/fxglassets/ui/css/fxgl_dark.css
13:38:21.156 [FXGL Background Thread 1 ] DEBUG GameApplicationServi - Initializing application scenes
13:38:21.194 [FXGL Background Thread 1 ] DEBUG GameWorld            - Controllers.General.GameApp world initialized
13:38:21.254 [FXGL Background Thread 1 ] DEBUG PhysicsWorld         - Physics world initialized: appHeight=800, physics.ppm=50,0
13:38:21.254 [FXGL Background Thread 1 ] DEBUG PhysicsWorld         - Using strategy: BRUTE_FORCE
13:38:21.260 [FXGL Background Thread 1 ] DEBUG GameScene            - Controllers.General.GameApp scene initialized: 800x800
13:38:21.276 [FXGL Background Thread 1 ] DEBUG FXGL.DefaultMenu     - createMenuBodyGameMenu()
13:38:21.294 [FXGL Background Thread 1 ] DEBUG FXGL.DefaultMenu     - createOptionsMenu()
13:38:21.304 [FXGL Background Thread 1 ] DEBUG FXGLAssetLoaderServi - Loading from file system: jar:file:/C:/Users/yakok/.m2/repository/com/github/almasb/fxgl/17.2/fxgl-17.2.jar!/fxglassets/textures/particles/smoke.png
13:38:21.387 [FXGL Background Thread 1 ] DEBUG FXGLAssetLoaderServi - Loading from file system: jar:file:/C:/Users/yakok/.m2/repository/com/github/almasb/fxgl/17.2/fxgl-17.2.jar!/fxglassets/textures/particles/trace_horizontal.png
13:38:21.412 [FXGL Background Thread 1 ] DEBUG GameApplicationServi - Application scenes initialized
13:38:21.427 [FXGL Background Thread 1 ] DEBUG SystemBundleService  - Loading FXGL system data
13:38:21.433 [FXGL Background Thread 1 ] DEBUG FileSystemAccess     - Reading from: C:\Users\yakok\Desktop\Java\DungeonCrawler\system\fxgl.bundle
13:38:21.439 [FXGL Background Thread 1 ] DEBUG SystemBundleService  - Bundle FXGL: {}
13:38:21.439 [FXGL Background Thread 1 ] DEBUG UpdaterService       - Checking for updates
13:38:21.444 [FXGL Background Thread 4 ] DEBUG FXGLApplication      - Loading fonts
13:38:21.445 [FXGL Background Thread 4 ] DEBUG FXGLAssetLoaderServi - Loading from file system: jar:file:/C:/Users/yakok/.m2/repository/com/github/almasb/fxgl/17.2/fxgl-17.2.jar!/fxglassets/ui/fonts/VarelaRound-Regular.ttf
13:38:21.445 [FXGL Background Thread 1 ] DEBUG FXGLApplication      - Loading default localization
13:38:21.446 [FXGL Background Thread 1 ] DEBUG FXGLAssetLoaderServi - Loading from file system: jar:file:/C:/Users/yakok/.m2/repository/com/github/almasb/fxgl/17.2/fxgl-17.2.jar!/fxglassets/languages/english.lang
13:38:21.467 [FXGL Background Thread 1 ] INFO  FXGLApplication      - FXGL initialization took: 0,391 sec
13:38:21.468 [JavaFX Application Thread] DEBUG LoopRunner           - Stopping loop
13:38:21.468 [JavaFX Application Thread] DEBUG LoopRunner           - Initializing JavaFX AnimationTimerLoop
13:38:21.471 [JavaFX Application Thread] FATAL FXGLApplication      - Uncaught Exception:
java.lang.NullPointerException: Cannot invoke "com.almasb.fxgl.input.Input.addAction(com.almasb.fxgl.input.UserAction, javafx.scene.input.MouseButton)" because "this.input" is null
	at Views.GameView.initInput(GameView.java:43)
	at com.almasb.fxgl.app.FXGLApplication$GameApplicationService.onMainLoopStarting(FXGLApplication.kt:529)
	at com.almasb.fxgl.app.Engine.startLoop(Engine.kt:150)
	at com.almasb.fxgl.app.FXGLApplication.startImpl$lambda-3(FXGLApplication.kt:145)
	at com.almasb.fxgl.core.concurrent.IOTask.succeed(IOTask.java:164)
	at com.almasb.fxgl.core.concurrent.IOTask$1.succeeded(IOTask.java:153)
	at javafx.concurrent.Task.setState(Task.java:726)
	at javafx.concurrent.Task$TaskCallable.lambda$call$1(Task.java:1437)
	at com.sun.javafx.application.PlatformImpl.lambda$runLater$10(PlatformImpl.java:457)
	at java.base/java.security.AccessController.doPrivileged(AccessController.java:399)
	at com.sun.javafx.application.PlatformImpl.lambda$runLater$11(PlatformImpl.java:456)
	at com.sun.glass.ui.InvokeLaterDispatcher$Future.run(InvokeLaterDispatcher.java:96)
	at com.sun.glass.ui.win.WinApplication._runLoop(Native Method)
	at com.sun.glass.ui.win.WinApplication.lambda$runLoop$3(WinApplication.java:184)
	at java.base/java.lang.Thread.run(Thread.java:833)

13:38:21.471 [JavaFX Application Thread] FATAL FXGLApplication      - Application will now exit
13:38:21.496 [JavaFX Application Thread] DEBUG PrimaryStageWindow   - Push state: ErrorSubScene
13:38:21.496 [JavaFX Application Thread] DEBUG Input                - Clearing active input actions
13:38:21.505 [JavaFX Application Thread] DEBUG GameApplicationServi - Removing overlay from FXGLStartupScene and adding to ErrorSubScene
13:38:21.506 [JavaFX Application Thread] DEBUG PrimaryStageWindow   - FXGLStartupScene -> ErrorSubScene
13:38:21.525 [FXGL Background Thread 4 ] DEBUG FXGLAssetLoaderServi - Loading from file system: jar:file:/C:/Users/yakok/.m2/repository/com/github/almasb/fxgl/17.2/fxgl-17.2.jar!/fxglassets/ui/fonts/Abel-Regular.ttf
13:38:21.530 [FXGL Background Thread 4 ] DEBUG FXGLAssetLoaderServi - Loading from file system: jar:file:/C:/Users/yakok/.m2/repository/com/github/almasb/fxgl/17.2/fxgl-17.2.jar!/fxglassets/ui/fonts/TerminalLandMono-Regular.otf
13:38:21.534 [FXGL Background Thread 4 ] DEBUG FXGLAssetLoaderServi - Loading from file system: jar:file:/C:/Users/yakok/.m2/repository/com/github/almasb/fxgl/17.2/fxgl-17.2.jar!/fxglassets/ui/fonts/Courier-Prime.ttf
13:38:21.727 [JavaFX Application Thread] DEBUG FXGLApplication      - Registering font factories with UI factory
13:38:24.444 [FXGL Background Thread 3 ] DEBUG Engine               - Logging environment variables
13:38:24.445 [FXGL Background Thread 3 ] DEBUG Engine               - achievements: []
13:38:24.445 [FXGL Background Thread 3 ] DEBUG Engine               - actualHeight: 800.0
13:38:24.445 [FXGL Background Thread 3 ] DEBUG Engine               - actualHeightProperty: ReadOnlyDoubleProperty [value: 800.0]
13:38:24.445 [FXGL Background Thread 3 ] DEBUG Engine               - actualWidth: 800.0
13:38:24.445 [FXGL Background Thread 3 ] DEBUG Engine               - actualWidthProperty: ReadOnlyDoubleProperty [value: 800.0]
13:38:24.445 [FXGL Background Thread 3 ] DEBUG Engine               - appIcon: fxgl_icon.png
13:38:24.446 [FXGL Background Thread 3 ] DEBUG Engine               - applicationMode: DEVELOPER
13:38:24.446 [FXGL Background Thread 3 ] DEBUG Engine               - cSSList: [fxgl_dark.css]
13:38:24.446 [FXGL Background Thread 3 ] DEBUG Engine               - collisionDetectionStrategy: BRUTE_FORCE
13:38:24.446 [FXGL Background Thread 3 ] DEBUG Engine               - configClass: Optional.empty
13:38:24.446 [FXGL Background Thread 3 ] DEBUG Engine               - credits: []
13:38:24.447 [FXGL Background Thread 3 ] DEBUG Engine               - defaultCursor: CursorInfo(imageName=fxgl_default_cursor.png, hotspotX=7.0, hotspotY=6.0)
13:38:24.447 [FXGL Background Thread 3 ] DEBUG Engine               - devBBoxColorProperty: ObjectProperty [value: 0xff0000ff]
13:38:24.447 [FXGL Background Thread 3 ] DEBUG Engine               - devEnableDebugCameraProperty: BooleanProperty [value: false]
13:38:24.448 [FXGL Background Thread 3 ] DEBUG Engine               - devSensorColorProperty: ObjectProperty [value: 0xffff00ff]
13:38:24.448 [FXGL Background Thread 3 ] DEBUG Engine               - devShowBBoxProperty: BooleanProperty [value: false]
13:38:24.448 [FXGL Background Thread 3 ] DEBUG Engine               - devShowPositionProperty: BooleanProperty [value: false]
13:38:24.448 [FXGL Background Thread 3 ] DEBUG Engine               - enabledMenuItems: []
13:38:24.448 [FXGL Background Thread 3 ] DEBUG Engine               - engineServices: [class com.almasb.fxgl.app.services.FXGLAssetLoaderService, class com.almasb.fxgl.app.FXGLApplication$GameApplicationService, class com.almasb.fxgl.app.services.FXGLDialogService, class com.almasb.fxgl.app.services.IOTaskExecutorService, class com.almasb.fxgl.io.FileSystemService, class com.almasb.fxgl.localization.LocalizationService, class com.almasb.fxgl.app.services.SystemBundleService, class com.almasb.fxgl.profile.SaveLoadService, class com.almasb.fxgl.ui.FXGLUIFactoryServiceProvider, class com.almasb.fxgl.ui.FXGLDialogFactoryServiceProvider, class com.almasb.fxgl.audio.AudioPlayer, class com.almasb.fxgl.notification.impl.NotificationServiceProvider, class com.almasb.fxgl.achievement.AchievementService, class com.almasb.fxgl.cutscene.CutsceneService, class com.almasb.fxgl.minigames.MiniGameService, class com.almasb.fxgl.net.NetService, class com.almasb.fxgl.app.services.UpdaterService, class com.almasb.fxgl.dev.DevService]
13:38:24.448 [FXGL Background Thread 3 ] DEBUG Engine               - fontGame: Abel-Regular.ttf
13:38:24.449 [FXGL Background Thread 3 ] DEBUG Engine               - fontMono: TerminalLandMono-Regular.otf
13:38:24.449 [FXGL Background Thread 3 ] DEBUG Engine               - fontText: Courier-Prime.ttf
13:38:24.449 [FXGL Background Thread 3 ] DEBUG Engine               - fontUI: VarelaRound-Regular.ttf
13:38:24.449 [FXGL Background Thread 3 ] DEBUG Engine               - fullScreen: BooleanProperty [value: false]
13:38:24.449 [FXGL Background Thread 3 ] DEBUG Engine               - gameDifficulty: MEDIUM
13:38:24.450 [FXGL Background Thread 3 ] DEBUG Engine               - gameDifficultyProperty: ObjectProperty [value: MEDIUM]
13:38:24.450 [FXGL Background Thread 3 ] DEBUG Engine               - globalMusicVolume: 0.5
13:38:24.450 [FXGL Background Thread 3 ] DEBUG Engine               - globalMusicVolumeProperty: DoubleProperty [value: 0.5]
13:38:24.450 [FXGL Background Thread 3 ] DEBUG Engine               - globalSoundVolume: 0.5
13:38:24.450 [FXGL Background Thread 3 ] DEBUG Engine               - globalSoundVolumeProperty: DoubleProperty [value: 0.5]
13:38:24.450 [FXGL Background Thread 3 ] DEBUG Engine               - height: 800
13:38:24.450 [FXGL Background Thread 3 ] DEBUG Engine               - is3D: false
13:38:24.450 [FXGL Background Thread 3 ] DEBUG Engine               - isAndroid: false
13:38:24.450 [FXGL Background Thread 3 ] DEBUG Engine               - isBrowser: false
13:38:24.450 [FXGL Background Thread 3 ] DEBUG Engine               - isClickFeedbackEnabled: false
13:38:24.450 [FXGL Background Thread 3 ] DEBUG Engine               - isCloseConfirmation: false
13:38:24.451 [FXGL Background Thread 3 ] DEBUG Engine               - isDesktop: true
13:38:24.451 [FXGL Background Thread 3 ] DEBUG Engine               - isDeveloperMenuEnabled: false
13:38:24.451 [FXGL Background Thread 3 ] DEBUG Engine               - isEmbedded: false
13:38:24.451 [FXGL Background Thread 3 ] DEBUG Engine               - isEntityPreloadEnabled: true
13:38:24.451 [FXGL Background Thread 3 ] DEBUG Engine               - isExperimentalTiledLargeMap: false
13:38:24.451 [FXGL Background Thread 3 ] DEBUG Engine               - isFileSystemWriteAllowed: true
13:38:24.451 [FXGL Background Thread 3 ] DEBUG Engine               - isFullScreenAllowed: false
13:38:24.451 [FXGL Background Thread 3 ] DEBUG Engine               - isFullScreenFromStart: false
13:38:24.451 [FXGL Background Thread 3 ] DEBUG Engine               - isGameMenuEnabled: true
13:38:24.451 [FXGL Background Thread 3 ] DEBUG Engine               - isIOS: false
13:38:24.451 [FXGL Background Thread 3 ] DEBUG Engine               - isIntroEnabled: false
13:38:24.451 [FXGL Background Thread 3 ] DEBUG Engine               - isLinux: false
13:38:24.452 [FXGL Background Thread 3 ] DEBUG Engine               - isMac: false
13:38:24.452 [FXGL Background Thread 3 ] DEBUG Engine               - isMainMenuEnabled: false
13:38:24.452 [FXGL Background Thread 3 ] DEBUG Engine               - isManualResizeEnabled: false
13:38:24.452 [FXGL Background Thread 3 ] DEBUG Engine               - isMobile: false
13:38:24.452 [FXGL Background Thread 3 ] DEBUG Engine               - isNative: false
13:38:24.452 [FXGL Background Thread 3 ] DEBUG Engine               - isPauseMusicWhenMinimized: true
13:38:24.452 [FXGL Background Thread 3 ] DEBUG Engine               - isPreserveResizeRatio: false
13:38:24.452 [FXGL Background Thread 3 ] DEBUG Engine               - isProfilingEnabled: false
13:38:24.452 [FXGL Background Thread 3 ] DEBUG Engine               - isScaleAffectedOnResize: true
13:38:24.452 [FXGL Background Thread 3 ] DEBUG Engine               - isSingleStep: false
13:38:24.453 [FXGL Background Thread 3 ] DEBUG Engine               - isUserProfileEnabled: false
13:38:24.453 [FXGL Background Thread 3 ] DEBUG Engine               - isWindows: true
13:38:24.453 [FXGL Background Thread 3 ] DEBUG Engine               - language: ObjectProperty [value: ENGLISH]
13:38:24.453 [FXGL Background Thread 3 ] DEBUG Engine               - menuKey: ESCAPE
13:38:24.453 [FXGL Background Thread 3 ] DEBUG Engine               - mouseSensitivity: 0.2
13:38:24.453 [FXGL Background Thread 3 ] DEBUG Engine               - notificationViewClass: class com.almasb.fxgl.notification.view.XboxNotificationView
13:38:24.453 [FXGL Background Thread 3 ] DEBUG Engine               - pixelsPerMeter: 50.0
13:38:24.453 [FXGL Background Thread 3 ] DEBUG Engine               - platform: WINDOWS
13:38:24.453 [FXGL Background Thread 3 ] DEBUG Engine               - prefHeightProperty: ReadOnlyDoubleProperty [value: 800.0]
13:38:24.453 [FXGL Background Thread 3 ] DEBUG Engine               - prefWidthProperty: ReadOnlyDoubleProperty [value: 800.0]
13:38:24.453 [FXGL Background Thread 3 ] DEBUG Engine               - profileDir: profiles/
13:38:24.454 [FXGL Background Thread 3 ] DEBUG Engine               - profileName: StringProperty [value: DEFAULT]
13:38:24.454 [FXGL Background Thread 3 ] DEBUG Engine               - randomSeed: -1
13:38:24.454 [FXGL Background Thread 3 ] DEBUG Engine               - runtimeInfo: RuntimeInfo(platform=WINDOWS, version=17.2, build=20.08.2022 16.50)
13:38:24.454 [FXGL Background Thread 3 ] DEBUG Engine               - saveFileExt: sav
13:38:24.454 [FXGL Background Thread 3 ] DEBUG Engine               - scaledHeightProp$fxgl: DoubleProperty [bound, value: 800.0]
13:38:24.455 [FXGL Background Thread 3 ] DEBUG Engine               - scaledWidthProp$fxgl: DoubleProperty [bound, value: 800.0]
13:38:24.455 [FXGL Background Thread 3 ] DEBUG Engine               - sceneFactory: com.almasb.fxgl.app.scene.SceneFactory@9016bb
13:38:24.455 [FXGL Background Thread 3 ] DEBUG Engine               - secondsIn24h: 60
13:38:24.455 [FXGL Background Thread 3 ] DEBUG Engine               - soundMenuBack: menu/back.wav
13:38:24.455 [FXGL Background Thread 3 ] DEBUG Engine               - soundMenuPress: menu/press.wav
13:38:24.455 [FXGL Background Thread 3 ] DEBUG Engine               - soundMenuSelect: menu/select.wav
13:38:24.455 [FXGL Background Thread 3 ] DEBUG Engine               - soundNotification: core/notification.wav
13:38:24.455 [FXGL Background Thread 3 ] DEBUG Engine               - stageStyle: DECORATED
13:38:24.455 [FXGL Background Thread 3 ] DEBUG Engine               - supportedLanguages: [ENGLISH, FRENCH, GERMAN, HUNGARIAN, RUSSIAN]
13:38:24.455 [FXGL Background Thread 3 ] DEBUG Engine               - ticksPerSecond: -1
13:38:24.455 [FXGL Background Thread 3 ] DEBUG Engine               - title: DungeonCrawler
13:38:24.455 [FXGL Background Thread 3 ] DEBUG Engine               - urlGithub: https://github.com/AlmasB/FXGL
13:38:24.455 [FXGL Background Thread 3 ] DEBUG Engine               - urlLeaderboard: http://fxgl-top.herokuapp.com/
13:38:24.455 [FXGL Background Thread 3 ] DEBUG Engine               - urlPOM: https://raw.githubusercontent.com/AlmasB/FXGL/release/README.md
13:38:24.456 [FXGL Background Thread 3 ] DEBUG Engine               - userAppClass: class Views.GameView
13:38:24.456 [FXGL Background Thread 3 ] DEBUG Engine               - version: 1.0
13:38:24.456 [FXGL Background Thread 3 ] DEBUG Engine               - versionCheckDays: 7
13:38:24.456 [FXGL Background Thread 3 ] DEBUG Engine               - width: 800
13:38:24.456 [FXGL Background Thread 3 ] DEBUG Engine               - Logging services
13:38:24.456 [FXGL Background Thread 3 ] DEBUG Engine               - class com.almasb.fxgl.app.services.FXGLAssetLoaderService
13:38:24.456 [FXGL Background Thread 3 ] DEBUG Engine               - class com.almasb.fxgl.app.FXGLApplication$GameApplicationService
13:38:24.456 [FXGL Background Thread 3 ] DEBUG Engine               - class com.almasb.fxgl.app.services.FXGLDialogService
13:38:24.456 [FXGL Background Thread 3 ] DEBUG Engine               - class com.almasb.fxgl.app.services.IOTaskExecutorService
13:38:24.456 [FXGL Background Thread 3 ] DEBUG Engine               - class com.almasb.fxgl.io.FileSystemService
13:38:24.456 [FXGL Background Thread 3 ] DEBUG Engine               - class com.almasb.fxgl.localization.LocalizationService
13:38:24.456 [FXGL Background Thread 3 ] DEBUG Engine               - class com.almasb.fxgl.app.services.SystemBundleService
13:38:24.457 [FXGL Background Thread 3 ] DEBUG Engine               - class com.almasb.fxgl.profile.SaveLoadService
13:38:24.457 [FXGL Background Thread 3 ] DEBUG Engine               - class com.almasb.fxgl.ui.FXGLUIFactoryServiceProvider
13:38:24.457 [FXGL Background Thread 3 ] DEBUG Engine               - class com.almasb.fxgl.ui.FXGLDialogFactoryServiceProvider
13:38:24.457 [FXGL Background Thread 3 ] DEBUG Engine               - class com.almasb.fxgl.audio.AudioPlayer
13:38:24.457 [FXGL Background Thread 3 ] DEBUG Engine               - class com.almasb.fxgl.notification.impl.NotificationServiceProvider
13:38:24.457 [FXGL Background Thread 3 ] DEBUG Engine               - class com.almasb.fxgl.achievement.AchievementService
13:38:24.457 [FXGL Background Thread 3 ] DEBUG Engine               - class com.almasb.fxgl.cutscene.CutsceneService
13:38:24.457 [FXGL Background Thread 3 ] DEBUG Engine               - class com.almasb.fxgl.minigames.MiniGameService
13:38:24.457 [FXGL Background Thread 3 ] DEBUG Engine               - class com.almasb.fxgl.net.NetService
13:38:24.457 [FXGL Background Thread 3 ] DEBUG Engine               - class com.almasb.fxgl.app.services.UpdaterService
13:38:24.457 [FXGL Background Thread 3 ] DEBUG Engine               - class com.almasb.fxgl.dev.DevService
13:38:36.253 [JavaFX Application Thread] DEBUG FXGLApplication      - Exiting FXGL
13:38:36.253 [JavaFX Application Thread] DEBUG Async                - Shutting down background threads
13:38:36.253 [JavaFX Application Thread] DEBUG PrimaryStageWindow   - Closing main window
13:38:36.264 [JavaFX Application Thread] DEBUG Logger               - Closing Logger
