16:47:31.377 [main                     ] DEBUG Logger               - Configured Logger
16:47:31.404 [main                     ] DEBUG GameApplication      - Logging settings
Title: DungeonCrawler
Version: 1.0
Width: 800
Height: 800
Fullscreen: false
Intro: false
Profiling: false
Single step:false
App Mode: DEVELOPER
Menu Key: ESCAPE
Stage Style: DECORATED
Scene Factory: class com.almasb.fxgl.app.scene.SceneFactory

16:47:31.962 [JavaFX Application Thread] DEBUG FXGLApplication      - Initializing FXGL
16:47:31.969 [JavaFX Application Thread] INFO  Engine               - FXGL-17.2 (20.08.2022 16.50) on WINDOWS (J:17.0.1 FX:18)
16:47:31.970 [JavaFX Application Thread] DEBUG Engine               - JRE Vendor Name: Oracle Corporation
16:47:31.970 [JavaFX Application Thread] DEBUG Engine               - Running on OS: Windows 10 version 10.0
16:47:31.970 [JavaFX Application Thread] DEBUG Engine               - Architecture: amd64
16:47:31.970 [JavaFX Application Thread] INFO  Engine               - Source code and latest versions at: https://github.com/AlmasB/FXGL
16:47:31.970 [JavaFX Application Thread] INFO  Engine               -       Ask questions and discuss at: https://github.com/AlmasB/FXGL/discussions
16:47:31.970 [JavaFX Application Thread] INFO  Engine               -              Join the FXGL chat at: https://gitter.im/AlmasB/FXGL
16:47:32.084 [JavaFX Application Thread] DEBUG PrimaryStageWindow   - Creating a JavaFX scene
16:47:32.134 [JavaFX Application Thread] DEBUG PrimaryStageWindow   - Target settings size: 800.0 x 800.0
16:47:32.134 [JavaFX Application Thread] DEBUG PrimaryStageWindow   - Scaled scene size:    800.0 x 800.0
16:47:32.134 [JavaFX Application Thread] DEBUG PrimaryStageWindow   - Scaled ratio: (1.0, 1.0)
16:47:32.135 [JavaFX Application Thread] DEBUG PrimaryStageWindow   - Set initial scene to FXGLStartupScene
16:47:32.143 [JavaFX Application Thread] DEBUG PrimaryStageWindow   - Opening main window
16:47:32.247 [JavaFX Application Thread] DEBUG PrimaryStageWindow   - Window border size: (16.0, 39.0)
16:47:32.247 [JavaFX Application Thread] DEBUG PrimaryStageWindow   - Scaled size: 800.0 x 800.0
16:47:32.247 [JavaFX Application Thread] DEBUG PrimaryStageWindow   - Scaled ratio: (1.0, 1.0)
16:47:32.248 [JavaFX Application Thread] DEBUG PrimaryStageWindow   - Scene size: 800.0 x 800.0
16:47:32.248 [JavaFX Application Thread] DEBUG PrimaryStageWindow   - Stage size: 816.0 x 839.0
16:47:32.261 [FXGL Background Thread 1 ] DEBUG Engine               - Initializing environment variables
16:47:32.300 [FXGL Background Thread 1 ] DEBUG FXGLAssetLoaderServi - User app class for loading assets: class Views.GameView
16:47:32.300 [FXGL Background Thread 1 ] DEBUG GameApplicationServi - Applying CSS: fxgl_dark.css
16:47:32.302 [FXGL Background Thread 1 ] DEBUG FXGLAssetLoaderServi - Loading from file system: jar:file:/C:/Users/yakok/.m2/repository/com/github/almasb/fxgl/17.2/fxgl-17.2.jar!/fxglassets/ui/css/fxgl_dark.css
16:47:32.344 [FXGL Background Thread 1 ] DEBUG GameApplicationServi - Initializing application scenes
16:47:32.380 [FXGL Background Thread 1 ] DEBUG GameWorld            - Game world initialized
16:47:32.436 [FXGL Background Thread 1 ] DEBUG PhysicsWorld         - Physics world initialized: appHeight=800, physics.ppm=50,0
16:47:32.436 [FXGL Background Thread 1 ] DEBUG PhysicsWorld         - Using strategy: BRUTE_FORCE
16:47:32.440 [FXGL Background Thread 1 ] DEBUG GameScene            - Game scene initialized: 800x800
16:47:32.454 [FXGL Background Thread 1 ] DEBUG FXGL.DefaultMenu     - createMenuBodyGameMenu()
16:47:32.472 [FXGL Background Thread 1 ] DEBUG FXGL.DefaultMenu     - createOptionsMenu()
16:47:32.482 [FXGL Background Thread 1 ] DEBUG FXGLAssetLoaderServi - Loading from file system: jar:file:/C:/Users/yakok/.m2/repository/com/github/almasb/fxgl/17.2/fxgl-17.2.jar!/fxglassets/textures/particles/smoke.png
16:47:32.562 [FXGL Background Thread 1 ] DEBUG FXGLAssetLoaderServi - Loading from file system: jar:file:/C:/Users/yakok/.m2/repository/com/github/almasb/fxgl/17.2/fxgl-17.2.jar!/fxglassets/textures/particles/trace_horizontal.png
16:47:32.591 [FXGL Background Thread 1 ] DEBUG GameApplicationServi - Application scenes initialized
16:47:32.603 [FXGL Background Thread 1 ] DEBUG SystemBundleService  - Loading FXGL system data
16:47:32.609 [FXGL Background Thread 1 ] DEBUG FileSystemAccess     - Reading from: C:\Users\yakok\Desktop\Java\DungeonCrawler\system\fxgl.bundle
16:47:32.617 [FXGL Background Thread 1 ] DEBUG SystemBundleService  - Bundle FXGL: {}
16:47:32.617 [FXGL Background Thread 1 ] DEBUG UpdaterService       - Checking for updates
16:47:32.623 [FXGL Background Thread 1 ] DEBUG FXGLApplication      - Loading default localization
16:47:32.624 [FXGL Background Thread 1 ] DEBUG FXGLAssetLoaderServi - Loading from file system: jar:file:/C:/Users/yakok/.m2/repository/com/github/almasb/fxgl/17.2/fxgl-17.2.jar!/fxglassets/languages/english.lang
16:47:32.625 [FXGL Background Thread 4 ] DEBUG FXGLApplication      - Loading fonts
16:47:32.626 [FXGL Background Thread 4 ] DEBUG FXGLAssetLoaderServi - Loading from file system: jar:file:/C:/Users/yakok/.m2/repository/com/github/almasb/fxgl/17.2/fxgl-17.2.jar!/fxglassets/ui/fonts/VarelaRound-Regular.ttf
16:47:32.644 [FXGL Background Thread 1 ] INFO  FXGLApplication      - FXGL initialization took: 0,383 sec
16:47:32.657 [JavaFX Application Thread] DEBUG Input                - Registered new binding: action0 - D
16:47:32.657 [JavaFX Application Thread] DEBUG Input                - Registered new binding: action1 - A
16:47:32.658 [JavaFX Application Thread] DEBUG Input                - Registered new binding: action2 - W
16:47:32.659 [JavaFX Application Thread] DEBUG Input                - Registered new binding: action3 - S
16:47:32.660 [JavaFX Application Thread] DEBUG FXGLAssetLoaderServi - Loading from file system: jar:file:/C:/Users/yakok/.m2/repository/com/github/almasb/fxgl/17.2/fxgl-17.2.jar!/fxglassets/textures/fxgl_icon.png
16:47:32.679 [JavaFX Application Thread] DEBUG FXGLAssetLoaderServi - Loading from file system: jar:file:/C:/Users/yakok/.m2/repository/com/github/almasb/fxgl/17.2/fxgl-17.2.jar!/fxglassets/textures/fxgl_default_cursor.png
16:47:32.685 [JavaFX Application Thread] DEBUG Input                - Registered new binding: Screenshot - CTRL+8
16:47:32.686 [JavaFX Application Thread] DEBUG Input                - Registered new binding: System info dump - CTRL+9
16:47:32.687 [JavaFX Application Thread] DEBUG Input                - Registered new binding: Restart - CTRL+R
16:47:32.689 [JavaFX Application Thread] DEBUG Input                - Registered new binding: Toggle Debug Camera - CTRL+7
16:47:32.695 [JavaFX Application Thread] DEBUG LoopRunner           - Starting loop
16:47:32.695 [JavaFX Application Thread] DEBUG LoopRunner           - Initializing JavaFX AnimationTimerLoop
16:47:32.696 [JavaFX Application Thread] DEBUG GameApplicationServi - Starting new game
16:47:32.697 [JavaFX Application Thread] DEBUG Input                - Clearing active input actions
16:47:32.698 [FXGL Background Thread 4 ] DEBUG FXGLAssetLoaderServi - Loading from file system: jar:file:/C:/Users/yakok/.m2/repository/com/github/almasb/fxgl/17.2/fxgl-17.2.jar!/fxglassets/ui/fonts/Abel-Regular.ttf
16:47:32.702 [FXGL Background Thread 4 ] DEBUG FXGLAssetLoaderServi - Loading from file system: jar:file:/C:/Users/yakok/.m2/repository/com/github/almasb/fxgl/17.2/fxgl-17.2.jar!/fxglassets/ui/fonts/TerminalLandMono-Regular.otf
16:47:32.706 [FXGL Background Thread 4 ] DEBUG FXGLAssetLoaderServi - Loading from file system: jar:file:/C:/Users/yakok/.m2/repository/com/github/almasb/fxgl/17.2/fxgl-17.2.jar!/fxglassets/ui/fonts/Courier-Prime.ttf
16:47:32.717 [JavaFX Application Thread] DEBUG GameApplicationServi - Removing overlay from FXGLStartupScene and adding to FXGLLoadingScene
16:47:32.719 [JavaFX Application Thread] DEBUG PrimaryStageWindow   - FXGLStartupScene -> FXGLLoadingScene
16:47:32.719 [JavaFX Application Thread] DEBUG GameApplicationServi - Clearing previous game
16:47:32.720 [JavaFX Application Thread] DEBUG GameScene            - Clearing game scene
16:47:32.720 [JavaFX Application Thread] DEBUG GameWorld            - Clearing game world
16:47:32.720 [JavaFX Application Thread] DEBUG PhysicsWorld         - Clearing physics world
16:47:32.723 [FXGL Background Thread 4 ] DEBUG FXGLApplication      - Initializing game
16:47:32.786 [JavaFX Application Thread] DEBUG FXGLApplication      - Registering font factories with UI factory
16:47:32.790 [JavaFX Application Thread] DEBUG LoopRunner           - Stopping loop
16:47:32.792 [JavaFX Application Thread] FATAL FXGLApplication      - Uncaught Exception:
java.lang.RuntimeException: Initialization failed
	at com.almasb.fxgl.app.FXGLApplication$InitAppTask.failed(FXGLApplication.kt:343)
	at javafx.concurrent.Task.setState(Task.java:710)
	at javafx.concurrent.Task$TaskCallable.lambda$call$2(Task.java:1456)
	at com.sun.javafx.application.PlatformImpl.lambda$runLater$10(PlatformImpl.java:457)
	at java.base/java.security.AccessController.doPrivileged(AccessController.java:399)
	at com.sun.javafx.application.PlatformImpl.lambda$runLater$11(PlatformImpl.java:456)
	at com.sun.glass.ui.InvokeLaterDispatcher$Future.run(InvokeLaterDispatcher.java:96)
	at com.sun.glass.ui.win.WinApplication._runLoop(Native Method)
	at com.sun.glass.ui.win.WinApplication.lambda$runLoop$3(WinApplication.java:184)
	at java.base/java.lang.Thread.run(Thread.java:833)
Caused by: java.lang.IllegalArgumentException: Property pixelsMoved does not exist
	at com.almasb.fxgl.core.collection.PropertyMap.get(PropertyMap.kt:251)
	at com.almasb.fxgl.core.collection.PropertyMap.intProperty(PropertyMap.kt:162)
	at Views.GameView.initUI(GameView.java:55)
	at com.almasb.fxgl.app.FXGLApplication$InitAppTask.call(FXGLApplication.kt:321)
	at com.almasb.fxgl.app.FXGLApplication$InitAppTask.call(FXGLApplication.kt:311)
	at javafx.concurrent.Task$TaskCallable.call(Task.java:1426)
	at java.base/java.util.concurrent.FutureTask.run(FutureTask.java:264)
	at java.base/java.util.concurrent.Executors$RunnableAdapter.call(Executors.java:539)
	at java.base/java.util.concurrent.FutureTask.run(FutureTask.java:264)
	at java.base/java.util.concurrent.ThreadPoolExecutor.runWorker(ThreadPoolExecutor.java:1136)
	at java.base/java.util.concurrent.ThreadPoolExecutor$Worker.run(ThreadPoolExecutor.java:635)
	... 1 more

16:47:32.792 [JavaFX Application Thread] FATAL FXGLApplication      - Application will now exit
16:47:32.824 [JavaFX Application Thread] DEBUG PrimaryStageWindow   - Push state: ErrorSubScene
16:47:32.824 [JavaFX Application Thread] DEBUG Input                - Clearing active input actions
16:47:32.833 [JavaFX Application Thread] DEBUG GameApplicationServi - Removing overlay from FXGLLoadingScene and adding to ErrorSubScene
16:47:32.833 [JavaFX Application Thread] DEBUG PrimaryStageWindow   - FXGLLoadingScene -> ErrorSubScene
16:47:35.622 [FXGL Background Thread 3 ] DEBUG Engine               - Logging environment variables
16:47:35.622 [FXGL Background Thread 3 ] DEBUG Engine               - achievements: []
16:47:35.622 [FXGL Background Thread 3 ] DEBUG Engine               - actualHeight: 800.0
16:47:35.622 [FXGL Background Thread 3 ] DEBUG Engine               - actualHeightProperty: ReadOnlyDoubleProperty [value: 800.0]
16:47:35.622 [FXGL Background Thread 3 ] DEBUG Engine               - actualWidth: 800.0
16:47:35.622 [FXGL Background Thread 3 ] DEBUG Engine               - actualWidthProperty: ReadOnlyDoubleProperty [value: 800.0]
16:47:35.623 [FXGL Background Thread 3 ] DEBUG Engine               - appIcon: fxgl_icon.png
16:47:35.623 [FXGL Background Thread 3 ] DEBUG Engine               - applicationMode: DEVELOPER
16:47:35.623 [FXGL Background Thread 3 ] DEBUG Engine               - cSSList: [fxgl_dark.css]
16:47:35.623 [FXGL Background Thread 3 ] DEBUG Engine               - collisionDetectionStrategy: BRUTE_FORCE
16:47:35.623 [FXGL Background Thread 3 ] DEBUG Engine               - configClass: Optional.empty
16:47:35.623 [FXGL Background Thread 3 ] DEBUG Engine               - credits: []
16:47:35.623 [FXGL Background Thread 3 ] DEBUG Engine               - defaultCursor: CursorInfo(imageName=fxgl_default_cursor.png, hotspotX=7.0, hotspotY=6.0)
16:47:35.624 [FXGL Background Thread 3 ] DEBUG Engine               - devBBoxColorProperty: ObjectProperty [value: 0xff0000ff]
16:47:35.624 [FXGL Background Thread 3 ] DEBUG Engine               - devEnableDebugCameraProperty: BooleanProperty [value: false]
16:47:35.624 [FXGL Background Thread 3 ] DEBUG Engine               - devSensorColorProperty: ObjectProperty [value: 0xffff00ff]
16:47:35.624 [FXGL Background Thread 3 ] DEBUG Engine               - devShowBBoxProperty: BooleanProperty [value: false]
16:47:35.624 [FXGL Background Thread 3 ] DEBUG Engine               - devShowPositionProperty: BooleanProperty [value: false]
16:47:35.624 [FXGL Background Thread 3 ] DEBUG Engine               - enabledMenuItems: []
16:47:35.624 [FXGL Background Thread 3 ] DEBUG Engine               - engineServices: [class com.almasb.fxgl.app.services.FXGLAssetLoaderService, class com.almasb.fxgl.app.FXGLApplication$GameApplicationService, class com.almasb.fxgl.app.services.FXGLDialogService, class com.almasb.fxgl.app.services.IOTaskExecutorService, class com.almasb.fxgl.io.FileSystemService, class com.almasb.fxgl.localization.LocalizationService, class com.almasb.fxgl.app.services.SystemBundleService, class com.almasb.fxgl.profile.SaveLoadService, class com.almasb.fxgl.ui.FXGLUIFactoryServiceProvider, class com.almasb.fxgl.ui.FXGLDialogFactoryServiceProvider, class com.almasb.fxgl.audio.AudioPlayer, class com.almasb.fxgl.notification.impl.NotificationServiceProvider, class com.almasb.fxgl.achievement.AchievementService, class com.almasb.fxgl.cutscene.CutsceneService, class com.almasb.fxgl.minigames.MiniGameService, class com.almasb.fxgl.net.NetService, class com.almasb.fxgl.app.services.UpdaterService, class com.almasb.fxgl.dev.DevService]
16:47:35.624 [FXGL Background Thread 3 ] DEBUG Engine               - fontGame: Abel-Regular.ttf
16:47:35.624 [FXGL Background Thread 3 ] DEBUG Engine               - fontMono: TerminalLandMono-Regular.otf
16:47:35.624 [FXGL Background Thread 3 ] DEBUG Engine               - fontText: Courier-Prime.ttf
16:47:35.625 [FXGL Background Thread 3 ] DEBUG Engine               - fontUI: VarelaRound-Regular.ttf
16:47:35.625 [FXGL Background Thread 3 ] DEBUG Engine               - fullScreen: BooleanProperty [value: false]
16:47:35.625 [FXGL Background Thread 3 ] DEBUG Engine               - gameDifficulty: MEDIUM
16:47:35.625 [FXGL Background Thread 3 ] DEBUG Engine               - gameDifficultyProperty: ObjectProperty [value: MEDIUM]
16:47:35.625 [FXGL Background Thread 3 ] DEBUG Engine               - globalMusicVolume: 0.5
16:47:35.625 [FXGL Background Thread 3 ] DEBUG Engine               - globalMusicVolumeProperty: DoubleProperty [value: 0.5]
16:47:35.625 [FXGL Background Thread 3 ] DEBUG Engine               - globalSoundVolume: 0.5
16:47:35.625 [FXGL Background Thread 3 ] DEBUG Engine               - globalSoundVolumeProperty: DoubleProperty [value: 0.5]
16:47:35.625 [FXGL Background Thread 3 ] DEBUG Engine               - height: 800
16:47:35.625 [FXGL Background Thread 3 ] DEBUG Engine               - is3D: false
16:47:35.626 [FXGL Background Thread 3 ] DEBUG Engine               - isAndroid: false
16:47:35.626 [FXGL Background Thread 3 ] DEBUG Engine               - isBrowser: false
16:47:35.626 [FXGL Background Thread 3 ] DEBUG Engine               - isClickFeedbackEnabled: false
16:47:35.626 [FXGL Background Thread 3 ] DEBUG Engine               - isCloseConfirmation: false
16:47:35.626 [FXGL Background Thread 3 ] DEBUG Engine               - isDesktop: true
16:47:35.626 [FXGL Background Thread 3 ] DEBUG Engine               - isDeveloperMenuEnabled: false
16:47:35.626 [FXGL Background Thread 3 ] DEBUG Engine               - isEmbedded: false
16:47:35.626 [FXGL Background Thread 3 ] DEBUG Engine               - isEntityPreloadEnabled: true
16:47:35.626 [FXGL Background Thread 3 ] DEBUG Engine               - isExperimentalTiledLargeMap: false
16:47:35.626 [FXGL Background Thread 3 ] DEBUG Engine               - isFileSystemWriteAllowed: true
16:47:35.626 [FXGL Background Thread 3 ] DEBUG Engine               - isFullScreenAllowed: false
16:47:35.626 [FXGL Background Thread 3 ] DEBUG Engine               - isFullScreenFromStart: false
16:47:35.626 [FXGL Background Thread 3 ] DEBUG Engine               - isGameMenuEnabled: true
16:47:35.626 [FXGL Background Thread 3 ] DEBUG Engine               - isIOS: false
16:47:35.627 [FXGL Background Thread 3 ] DEBUG Engine               - isIntroEnabled: false
16:47:35.627 [FXGL Background Thread 3 ] DEBUG Engine               - isLinux: false
16:47:35.627 [FXGL Background Thread 3 ] DEBUG Engine               - isMac: false
16:47:35.627 [FXGL Background Thread 3 ] DEBUG Engine               - isMainMenuEnabled: false
16:47:35.627 [FXGL Background Thread 3 ] DEBUG Engine               - isManualResizeEnabled: false
16:47:35.627 [FXGL Background Thread 3 ] DEBUG Engine               - isMobile: false
16:47:35.627 [FXGL Background Thread 3 ] DEBUG Engine               - isNative: false
16:47:35.627 [FXGL Background Thread 3 ] DEBUG Engine               - isPauseMusicWhenMinimized: true
16:47:35.627 [FXGL Background Thread 3 ] DEBUG Engine               - isPreserveResizeRatio: false
16:47:35.627 [FXGL Background Thread 3 ] DEBUG Engine               - isProfilingEnabled: false
16:47:35.628 [FXGL Background Thread 3 ] DEBUG Engine               - isScaleAffectedOnResize: true
16:47:35.628 [FXGL Background Thread 3 ] DEBUG Engine               - isSingleStep: false
16:47:35.628 [FXGL Background Thread 3 ] DEBUG Engine               - isUserProfileEnabled: false
16:47:35.628 [FXGL Background Thread 3 ] DEBUG Engine               - isWindows: true
16:47:35.628 [FXGL Background Thread 3 ] DEBUG Engine               - language: ObjectProperty [value: ENGLISH]
16:47:35.628 [FXGL Background Thread 3 ] DEBUG Engine               - menuKey: ESCAPE
16:47:35.628 [FXGL Background Thread 3 ] DEBUG Engine               - mouseSensitivity: 0.2
16:47:35.628 [FXGL Background Thread 3 ] DEBUG Engine               - notificationViewClass: class com.almasb.fxgl.notification.view.XboxNotificationView
16:47:35.628 [FXGL Background Thread 3 ] DEBUG Engine               - pixelsPerMeter: 50.0
16:47:35.628 [FXGL Background Thread 3 ] DEBUG Engine               - platform: WINDOWS
16:47:35.628 [FXGL Background Thread 3 ] DEBUG Engine               - prefHeightProperty: ReadOnlyDoubleProperty [value: 800.0]
16:47:35.628 [FXGL Background Thread 3 ] DEBUG Engine               - prefWidthProperty: ReadOnlyDoubleProperty [value: 800.0]
16:47:35.628 [FXGL Background Thread 3 ] DEBUG Engine               - profileDir: profiles/
16:47:35.628 [FXGL Background Thread 3 ] DEBUG Engine               - profileName: StringProperty [value: DEFAULT]
16:47:35.629 [FXGL Background Thread 3 ] DEBUG Engine               - randomSeed: -1
16:47:35.629 [FXGL Background Thread 3 ] DEBUG Engine               - runtimeInfo: RuntimeInfo(platform=WINDOWS, version=17.2, build=20.08.2022 16.50)
16:47:35.629 [FXGL Background Thread 3 ] DEBUG Engine               - saveFileExt: sav
16:47:35.629 [FXGL Background Thread 3 ] DEBUG Engine               - scaledHeightProp$fxgl: DoubleProperty [bound, value: 800.0]
16:47:35.629 [FXGL Background Thread 3 ] DEBUG Engine               - scaledWidthProp$fxgl: DoubleProperty [bound, value: 800.0]
16:47:35.629 [FXGL Background Thread 3 ] DEBUG Engine               - sceneFactory: com.almasb.fxgl.app.scene.SceneFactory@4f7e22b2
16:47:35.629 [FXGL Background Thread 3 ] DEBUG Engine               - secondsIn24h: 60
16:47:35.629 [FXGL Background Thread 3 ] DEBUG Engine               - soundMenuBack: menu/back.wav
16:47:35.630 [FXGL Background Thread 3 ] DEBUG Engine               - soundMenuPress: menu/press.wav
16:47:35.630 [FXGL Background Thread 3 ] DEBUG Engine               - soundMenuSelect: menu/select.wav
16:47:35.630 [FXGL Background Thread 3 ] DEBUG Engine               - soundNotification: core/notification.wav
16:47:35.630 [FXGL Background Thread 3 ] DEBUG Engine               - stageStyle: DECORATED
16:47:35.630 [FXGL Background Thread 3 ] DEBUG Engine               - supportedLanguages: [ENGLISH, FRENCH, GERMAN, HUNGARIAN, RUSSIAN]
16:47:35.630 [FXGL Background Thread 3 ] DEBUG Engine               - ticksPerSecond: -1
16:47:35.630 [FXGL Background Thread 3 ] DEBUG Engine               - title: DungeonCrawler
16:47:35.630 [FXGL Background Thread 3 ] DEBUG Engine               - urlGithub: https://github.com/AlmasB/FXGL
16:47:35.630 [FXGL Background Thread 3 ] DEBUG Engine               - urlLeaderboard: http://fxgl-top.herokuapp.com/
16:47:35.630 [FXGL Background Thread 3 ] DEBUG Engine               - urlPOM: https://raw.githubusercontent.com/AlmasB/FXGL/release/README.md
16:47:35.630 [FXGL Background Thread 3 ] DEBUG Engine               - userAppClass: class Views.GameView
16:47:35.630 [FXGL Background Thread 3 ] DEBUG Engine               - version: 1.0
16:47:35.630 [FXGL Background Thread 3 ] DEBUG Engine               - versionCheckDays: 7
16:47:35.631 [FXGL Background Thread 3 ] DEBUG Engine               - width: 800
16:47:35.631 [FXGL Background Thread 3 ] DEBUG Engine               - Logging services
16:47:35.631 [FXGL Background Thread 3 ] DEBUG Engine               - class com.almasb.fxgl.app.services.FXGLAssetLoaderService
16:47:35.631 [FXGL Background Thread 3 ] DEBUG Engine               - class com.almasb.fxgl.app.FXGLApplication$GameApplicationService
16:47:35.631 [FXGL Background Thread 3 ] DEBUG Engine               - class com.almasb.fxgl.app.services.FXGLDialogService
16:47:35.631 [FXGL Background Thread 3 ] DEBUG Engine               - class com.almasb.fxgl.app.services.IOTaskExecutorService
16:47:35.631 [FXGL Background Thread 3 ] DEBUG Engine               - class com.almasb.fxgl.io.FileSystemService
16:47:35.631 [FXGL Background Thread 3 ] DEBUG Engine               - class com.almasb.fxgl.localization.LocalizationService
16:47:35.631 [FXGL Background Thread 3 ] DEBUG Engine               - class com.almasb.fxgl.app.services.SystemBundleService
16:47:35.631 [FXGL Background Thread 3 ] DEBUG Engine               - class com.almasb.fxgl.profile.SaveLoadService
16:47:35.631 [FXGL Background Thread 3 ] DEBUG Engine               - class com.almasb.fxgl.ui.FXGLUIFactoryServiceProvider
16:47:35.631 [FXGL Background Thread 3 ] DEBUG Engine               - class com.almasb.fxgl.ui.FXGLDialogFactoryServiceProvider
16:47:35.632 [FXGL Background Thread 3 ] DEBUG Engine               - class com.almasb.fxgl.audio.AudioPlayer
16:47:35.632 [FXGL Background Thread 3 ] DEBUG Engine               - class com.almasb.fxgl.notification.impl.NotificationServiceProvider
16:47:35.632 [FXGL Background Thread 3 ] DEBUG Engine               - class com.almasb.fxgl.achievement.AchievementService
16:47:35.632 [FXGL Background Thread 3 ] DEBUG Engine               - class com.almasb.fxgl.cutscene.CutsceneService
16:47:35.632 [FXGL Background Thread 3 ] DEBUG Engine               - class com.almasb.fxgl.minigames.MiniGameService
16:47:35.632 [FXGL Background Thread 3 ] DEBUG Engine               - class com.almasb.fxgl.net.NetService
16:47:35.632 [FXGL Background Thread 3 ] DEBUG Engine               - class com.almasb.fxgl.app.services.UpdaterService
16:47:35.632 [FXGL Background Thread 3 ] DEBUG Engine               - class com.almasb.fxgl.dev.DevService
16:47:36.601 [JavaFX Application Thread] DEBUG FXGLApplication      - Exiting FXGL
16:47:36.601 [JavaFX Application Thread] DEBUG Async                - Shutting down background threads
16:47:36.602 [JavaFX Application Thread] DEBUG PrimaryStageWindow   - Closing main window
16:47:36.612 [JavaFX Application Thread] DEBUG Logger               - Closing Logger
