16:03:50.165 [main                     ] DEBUG Logger               - Configured Logger
16:03:50.197 [main                     ] DEBUG GameApplication      - Logging settings
Title: DungeonCrawler
Version: 1.0
Width: 500
Height: 500
Fullscreen: false
Intro: false
Profiling: false
Single step:false
App Mode: DEVELOPER
Menu Key: ESCAPE
Stage Style: DECORATED
Scene Factory: class com.almasb.fxgl.app.scene.SceneFactory

16:03:50.692 [JavaFX Application Thread] DEBUG FXGLApplication      - Initializing FXGL
16:03:50.698 [JavaFX Application Thread] INFO  Engine               - FXGL-17.2 (20.08.2022 16.50) on WINDOWS (J:17.0.1 FX:18)
16:03:50.699 [JavaFX Application Thread] DEBUG Engine               - JRE Vendor Name: Oracle Corporation
16:03:50.699 [JavaFX Application Thread] DEBUG Engine               - Running on OS: Windows 10 version 10.0
16:03:50.700 [JavaFX Application Thread] DEBUG Engine               - Architecture: amd64
16:03:50.700 [JavaFX Application Thread] INFO  Engine               - Source code and latest versions at: https://github.com/AlmasB/FXGL
16:03:50.700 [JavaFX Application Thread] INFO  Engine               -       Ask questions and discuss at: https://github.com/AlmasB/FXGL/discussions
16:03:50.700 [JavaFX Application Thread] INFO  Engine               -              Join the FXGL chat at: https://gitter.im/AlmasB/FXGL
16:03:50.821 [JavaFX Application Thread] DEBUG PrimaryStageWindow   - Creating a JavaFX scene
16:03:50.870 [JavaFX Application Thread] DEBUG PrimaryStageWindow   - Target settings size: 500.0 x 500.0
16:03:50.870 [JavaFX Application Thread] DEBUG PrimaryStageWindow   - Scaled scene size:    500.0 x 500.0
16:03:50.871 [JavaFX Application Thread] DEBUG PrimaryStageWindow   - Scaled ratio: (1.0, 1.0)
16:03:50.872 [JavaFX Application Thread] DEBUG PrimaryStageWindow   - Set initial scene to FXGLStartupScene
16:03:50.879 [JavaFX Application Thread] DEBUG PrimaryStageWindow   - Opening main window
16:03:50.977 [JavaFX Application Thread] DEBUG PrimaryStageWindow   - Window border size: (16.0, 39.0)
16:03:50.977 [JavaFX Application Thread] DEBUG PrimaryStageWindow   - Scaled size: 500.0 x 500.0
16:03:50.977 [JavaFX Application Thread] DEBUG PrimaryStageWindow   - Scaled ratio: (1.0, 1.0)
16:03:50.977 [JavaFX Application Thread] DEBUG PrimaryStageWindow   - Scene size: 500.0 x 500.0
16:03:50.978 [JavaFX Application Thread] DEBUG PrimaryStageWindow   - Stage size: 516.0 x 539.0
16:03:51.003 [FXGL Background Thread 1 ] DEBUG Engine               - Initializing environment variables
16:03:51.046 [FXGL Background Thread 1 ] DEBUG FXGLAssetLoaderServi - User app class for loading assets: class GameApp
16:03:51.050 [FXGL Background Thread 1 ] DEBUG GameApplicationServi - Applying CSS: fxgl_dark.css
16:03:51.052 [FXGL Background Thread 1 ] DEBUG FXGLAssetLoaderServi - Loading from file system: jar:file:/C:/Users/yakok/.m2/repository/com/github/almasb/fxgl/17.2/fxgl-17.2.jar!/fxglassets/ui/css/fxgl_dark.css
16:03:51.096 [FXGL Background Thread 1 ] DEBUG GameApplicationServi - Initializing application scenes
16:03:51.138 [FXGL Background Thread 1 ] DEBUG GameWorld            - Game world initialized
16:03:51.199 [FXGL Background Thread 1 ] DEBUG PhysicsWorld         - Physics world initialized: appHeight=500, physics.ppm=50,0
16:03:51.200 [FXGL Background Thread 1 ] DEBUG PhysicsWorld         - Using strategy: BRUTE_FORCE
16:03:51.204 [FXGL Background Thread 1 ] DEBUG GameScene            - Game scene initialized: 500x500
16:03:51.223 [FXGL Background Thread 1 ] WARN  FXGL.DefaultMenu     - FXGLDefaultMenu is not designed for resolutions < 800x600
16:03:51.223 [FXGL Background Thread 1 ] DEBUG FXGL.DefaultMenu     - createMenuBodyGameMenu()
16:03:51.246 [FXGL Background Thread 1 ] DEBUG FXGL.DefaultMenu     - createOptionsMenu()
16:03:51.263 [FXGL Background Thread 1 ] DEBUG FXGLAssetLoaderServi - Loading from file system: jar:file:/C:/Users/yakok/.m2/repository/com/github/almasb/fxgl/17.2/fxgl-17.2.jar!/fxglassets/textures/particles/smoke.png
16:03:51.347 [FXGL Background Thread 1 ] DEBUG FXGLAssetLoaderServi - Loading from file system: jar:file:/C:/Users/yakok/.m2/repository/com/github/almasb/fxgl/17.2/fxgl-17.2.jar!/fxglassets/textures/particles/trace_horizontal.png
16:03:51.372 [FXGL Background Thread 1 ] DEBUG GameApplicationServi - Application scenes initialized
16:03:51.387 [FXGL Background Thread 1 ] DEBUG SystemBundleService  - Loading FXGL system data
16:03:51.393 [FXGL Background Thread 1 ] DEBUG FileSystemAccess     - Reading from: C:\Users\yakok\Desktop\Java\DungeonCrawler\system\fxgl.bundle
16:03:51.400 [FXGL Background Thread 1 ] DEBUG SystemBundleService  - Bundle FXGL: {}
16:03:51.401 [FXGL Background Thread 1 ] DEBUG UpdaterService       - Checking for updates
16:03:51.406 [FXGL Background Thread 4 ] DEBUG FXGLApplication      - Loading fonts
16:03:51.407 [FXGL Background Thread 4 ] DEBUG FXGLAssetLoaderServi - Loading from file system: jar:file:/C:/Users/yakok/.m2/repository/com/github/almasb/fxgl/17.2/fxgl-17.2.jar!/fxglassets/ui/fonts/VarelaRound-Regular.ttf
16:03:51.407 [FXGL Background Thread 1 ] DEBUG FXGLApplication      - Loading default localization
16:03:51.409 [FXGL Background Thread 1 ] DEBUG FXGLAssetLoaderServi - Loading from file system: jar:file:/C:/Users/yakok/.m2/repository/com/github/almasb/fxgl/17.2/fxgl-17.2.jar!/fxglassets/languages/english.lang
16:03:51.438 [FXGL Background Thread 1 ] INFO  FXGLApplication      - FXGL initialization took: 0,434 sec
16:03:51.439 [JavaFX Application Thread] DEBUG FXGLAssetLoaderServi - Loading from file system: jar:file:/C:/Users/yakok/.m2/repository/com/github/almasb/fxgl/17.2/fxgl-17.2.jar!/fxglassets/textures/fxgl_icon.png
16:03:51.456 [JavaFX Application Thread] DEBUG FXGLAssetLoaderServi - Loading from file system: jar:file:/C:/Users/yakok/.m2/repository/com/github/almasb/fxgl/17.2/fxgl-17.2.jar!/fxglassets/textures/fxgl_default_cursor.png
16:03:51.468 [JavaFX Application Thread] DEBUG Input                - Registered new binding: Screenshot - CTRL+8
16:03:51.468 [JavaFX Application Thread] DEBUG Input                - Registered new binding: System info dump - CTRL+9
16:03:51.469 [JavaFX Application Thread] DEBUG Input                - Registered new binding: Restart - CTRL+R
16:03:51.470 [JavaFX Application Thread] DEBUG Input                - Registered new binding: Toggle Debug Camera - CTRL+7
16:03:51.472 [JavaFX Application Thread] DEBUG LoopRunner           - Starting loop
16:03:51.472 [JavaFX Application Thread] DEBUG LoopRunner           - Initializing JavaFX AnimationTimerLoop
16:03:51.474 [JavaFX Application Thread] DEBUG GameApplicationServi - Starting new game
16:03:51.474 [JavaFX Application Thread] DEBUG Input                - Clearing active input actions
16:03:51.485 [JavaFX Application Thread] DEBUG GameApplicationServi - Removing overlay from FXGLStartupScene and adding to FXGLLoadingScene
16:03:51.485 [JavaFX Application Thread] DEBUG PrimaryStageWindow   - FXGLStartupScene -> FXGLLoadingScene
16:03:51.486 [JavaFX Application Thread] DEBUG GameApplicationServi - Clearing previous game
16:03:51.486 [JavaFX Application Thread] DEBUG GameScene            - Clearing game scene
16:03:51.486 [JavaFX Application Thread] DEBUG GameWorld            - Clearing game world
16:03:51.486 [JavaFX Application Thread] DEBUG PhysicsWorld         - Clearing physics world
16:03:51.487 [FXGL Background Thread 4 ] DEBUG FXGLAssetLoaderServi - Loading from file system: jar:file:/C:/Users/yakok/.m2/repository/com/github/almasb/fxgl/17.2/fxgl-17.2.jar!/fxglassets/ui/fonts/Abel-Regular.ttf
16:03:51.488 [FXGL Background Thread 1 ] DEBUG FXGLApplication      - Initializing game
16:03:51.491 [FXGL Background Thread 1 ] INFO  FXGLApplication      - Game initialization took: 0,002 sec
16:03:51.492 [FXGL Background Thread 4 ] DEBUG FXGLAssetLoaderServi - Loading from file system: jar:file:/C:/Users/yakok/.m2/repository/com/github/almasb/fxgl/17.2/fxgl-17.2.jar!/fxglassets/ui/fonts/TerminalLandMono-Regular.otf
16:03:51.497 [FXGL Background Thread 4 ] DEBUG FXGLAssetLoaderServi - Loading from file system: jar:file:/C:/Users/yakok/.m2/repository/com/github/almasb/fxgl/17.2/fxgl-17.2.jar!/fxglassets/ui/fonts/Courier-Prime.ttf
16:03:51.533 [JavaFX Application Thread] DEBUG Input                - Clearing active input actions
16:03:51.540 [JavaFX Application Thread] DEBUG GameApplicationServi - Removing overlay from FXGLLoadingScene and adding to GameScene
16:03:51.540 [JavaFX Application Thread] DEBUG PrimaryStageWindow   - FXGLLoadingScene -> GameScene
16:03:51.540 [JavaFX Application Thread] DEBUG FXGLApplication      - Registering font factories with UI factory
16:03:53.725 [JavaFX Application Thread] DEBUG FXGLApplication      - Exiting FXGL
16:03:53.725 [JavaFX Application Thread] DEBUG LoopRunner           - Stopping loop
16:03:53.725 [JavaFX Application Thread] DEBUG SystemBundleService  - Saving FXGL system data
16:03:53.728 [JavaFX Application Thread] DEBUG FileSystemAccess     - Writing to: C:\Users\yakok\Desktop\Java\DungeonCrawler\system\fxgl.bundle
16:03:53.730 [JavaFX Application Thread] DEBUG Async                - Shutting down background threads
16:03:53.730 [JavaFX Application Thread] DEBUG PrimaryStageWindow   - Closing main window
16:03:53.744 [JavaFX Application Thread] DEBUG Logger               - Closing Logger
