16:48:24.202 [main                     ] DEBUG Logger               - Configured Logger
16:48:24.230 [main                     ] DEBUG GameApplication      - Logging settings
Title: DungeonCrawler
Version: 1.0
Width: 800
Height: 800
Fullscreen: false
Intro: false
Profiling: false
Single step:false
App Mode: DEVELOPER
Menu Key: ESCAPE
Stage Style: DECORATED
Scene Factory: class com.almasb.fxgl.app.scene.SceneFactory

16:48:24.747 [JavaFX Application Thread] DEBUG FXGLApplication      - Initializing FXGL
16:48:24.753 [JavaFX Application Thread] INFO  Engine               - FXGL-17.2 (20.08.2022 16.50) on WINDOWS (J:17.0.1 FX:18)
16:48:24.753 [JavaFX Application Thread] DEBUG Engine               - JRE Vendor Name: Oracle Corporation
16:48:24.753 [JavaFX Application Thread] DEBUG Engine               - Running on OS: Windows 10 version 10.0
16:48:24.753 [JavaFX Application Thread] DEBUG Engine               - Architecture: amd64
16:48:24.754 [JavaFX Application Thread] INFO  Engine               - Source code and latest versions at: https://github.com/AlmasB/FXGL
16:48:24.754 [JavaFX Application Thread] INFO  Engine               -       Ask questions and discuss at: https://github.com/AlmasB/FXGL/discussions
16:48:24.754 [JavaFX Application Thread] INFO  Engine               -              Join the FXGL chat at: https://gitter.im/AlmasB/FXGL
16:48:24.864 [JavaFX Application Thread] DEBUG PrimaryStageWindow   - Creating a JavaFX scene
16:48:24.908 [JavaFX Application Thread] DEBUG PrimaryStageWindow   - Target settings size: 800.0 x 800.0
16:48:24.909 [JavaFX Application Thread] DEBUG PrimaryStageWindow   - Scaled scene size:    800.0 x 800.0
16:48:24.909 [JavaFX Application Thread] DEBUG PrimaryStageWindow   - Scaled ratio: (1.0, 1.0)
16:48:24.910 [JavaFX Application Thread] DEBUG PrimaryStageWindow   - Set initial scene to FXGLStartupScene
16:48:24.917 [JavaFX Application Thread] DEBUG PrimaryStageWindow   - Opening main window
16:48:25.014 [JavaFX Application Thread] DEBUG PrimaryStageWindow   - Window border size: (16.0, 39.0)
16:48:25.014 [JavaFX Application Thread] DEBUG PrimaryStageWindow   - Scaled size: 800.0 x 800.0
16:48:25.015 [JavaFX Application Thread] DEBUG PrimaryStageWindow   - Scaled ratio: (1.0, 1.0)
16:48:25.015 [JavaFX Application Thread] DEBUG PrimaryStageWindow   - Scene size: 800.0 x 800.0
16:48:25.015 [JavaFX Application Thread] DEBUG PrimaryStageWindow   - Stage size: 816.0 x 839.0
16:48:25.023 [FXGL Background Thread 1 ] DEBUG Engine               - Initializing environment variables
16:48:25.062 [FXGL Background Thread 1 ] DEBUG FXGLAssetLoaderServi - User app class for loading assets: class Views.GameView
16:48:25.062 [FXGL Background Thread 1 ] DEBUG GameApplicationServi - Applying CSS: fxgl_dark.css
16:48:25.063 [FXGL Background Thread 1 ] DEBUG FXGLAssetLoaderServi - Loading from file system: jar:file:/C:/Users/yakok/.m2/repository/com/github/almasb/fxgl/17.2/fxgl-17.2.jar!/fxglassets/ui/css/fxgl_dark.css
16:48:25.106 [FXGL Background Thread 1 ] DEBUG GameApplicationServi - Initializing application scenes
16:48:25.139 [FXGL Background Thread 1 ] DEBUG GameWorld            - Game world initialized
16:48:25.192 [FXGL Background Thread 1 ] DEBUG PhysicsWorld         - Physics world initialized: appHeight=800, physics.ppm=50,0
16:48:25.192 [FXGL Background Thread 1 ] DEBUG PhysicsWorld         - Using strategy: BRUTE_FORCE
16:48:25.196 [FXGL Background Thread 1 ] DEBUG GameScene            - Game scene initialized: 800x800
16:48:25.209 [FXGL Background Thread 1 ] DEBUG FXGL.DefaultMenu     - createMenuBodyGameMenu()
16:48:25.225 [FXGL Background Thread 1 ] DEBUG FXGL.DefaultMenu     - createOptionsMenu()
16:48:25.235 [FXGL Background Thread 1 ] DEBUG FXGLAssetLoaderServi - Loading from file system: jar:file:/C:/Users/yakok/.m2/repository/com/github/almasb/fxgl/17.2/fxgl-17.2.jar!/fxglassets/textures/particles/smoke.png
16:48:25.323 [FXGL Background Thread 1 ] DEBUG FXGLAssetLoaderServi - Loading from file system: jar:file:/C:/Users/yakok/.m2/repository/com/github/almasb/fxgl/17.2/fxgl-17.2.jar!/fxglassets/textures/particles/trace_horizontal.png
16:48:25.346 [FXGL Background Thread 1 ] DEBUG GameApplicationServi - Application scenes initialized
16:48:25.359 [FXGL Background Thread 1 ] DEBUG SystemBundleService  - Loading FXGL system data
16:48:25.364 [FXGL Background Thread 1 ] DEBUG FileSystemAccess     - Reading from: C:\Users\yakok\Desktop\Java\DungeonCrawler\system\fxgl.bundle
16:48:25.370 [FXGL Background Thread 1 ] DEBUG SystemBundleService  - Bundle FXGL: {}
16:48:25.370 [FXGL Background Thread 1 ] DEBUG UpdaterService       - Checking for updates
16:48:25.375 [FXGL Background Thread 4 ] DEBUG FXGLApplication      - Loading fonts
16:48:25.375 [FXGL Background Thread 4 ] DEBUG FXGLAssetLoaderServi - Loading from file system: jar:file:/C:/Users/yakok/.m2/repository/com/github/almasb/fxgl/17.2/fxgl-17.2.jar!/fxglassets/ui/fonts/VarelaRound-Regular.ttf
16:48:25.376 [FXGL Background Thread 1 ] DEBUG FXGLApplication      - Loading default localization
16:48:25.376 [FXGL Background Thread 1 ] DEBUG FXGLAssetLoaderServi - Loading from file system: jar:file:/C:/Users/yakok/.m2/repository/com/github/almasb/fxgl/17.2/fxgl-17.2.jar!/fxglassets/languages/english.lang
16:48:25.395 [FXGL Background Thread 1 ] INFO  FXGLApplication      - FXGL initialization took: 0,372 sec
16:48:25.410 [JavaFX Application Thread] DEBUG Input                - Registered new binding: action0 - D
16:48:25.411 [JavaFX Application Thread] DEBUG Input                - Registered new binding: action1 - A
16:48:25.412 [JavaFX Application Thread] DEBUG Input                - Registered new binding: action2 - W
16:48:25.412 [JavaFX Application Thread] DEBUG Input                - Registered new binding: action3 - S
16:48:25.413 [JavaFX Application Thread] DEBUG FXGLAssetLoaderServi - Loading from file system: jar:file:/C:/Users/yakok/.m2/repository/com/github/almasb/fxgl/17.2/fxgl-17.2.jar!/fxglassets/textures/fxgl_icon.png
16:48:25.439 [JavaFX Application Thread] DEBUG FXGLAssetLoaderServi - Loading from file system: jar:file:/C:/Users/yakok/.m2/repository/com/github/almasb/fxgl/17.2/fxgl-17.2.jar!/fxglassets/textures/fxgl_default_cursor.png
16:48:25.442 [FXGL Background Thread 4 ] DEBUG FXGLAssetLoaderServi - Loading from file system: jar:file:/C:/Users/yakok/.m2/repository/com/github/almasb/fxgl/17.2/fxgl-17.2.jar!/fxglassets/ui/fonts/Abel-Regular.ttf
16:48:25.444 [JavaFX Application Thread] DEBUG Input                - Registered new binding: Screenshot - CTRL+8
16:48:25.445 [JavaFX Application Thread] DEBUG Input                - Registered new binding: System info dump - CTRL+9
16:48:25.446 [JavaFX Application Thread] DEBUG Input                - Registered new binding: Restart - CTRL+R
16:48:25.446 [FXGL Background Thread 4 ] DEBUG FXGLAssetLoaderServi - Loading from file system: jar:file:/C:/Users/yakok/.m2/repository/com/github/almasb/fxgl/17.2/fxgl-17.2.jar!/fxglassets/ui/fonts/TerminalLandMono-Regular.otf
16:48:25.447 [JavaFX Application Thread] DEBUG Input                - Registered new binding: Toggle Debug Camera - CTRL+7
16:48:25.451 [FXGL Background Thread 4 ] DEBUG FXGLAssetLoaderServi - Loading from file system: jar:file:/C:/Users/yakok/.m2/repository/com/github/almasb/fxgl/17.2/fxgl-17.2.jar!/fxglassets/ui/fonts/Courier-Prime.ttf
16:48:25.451 [JavaFX Application Thread] DEBUG LoopRunner           - Starting loop
16:48:25.451 [JavaFX Application Thread] DEBUG LoopRunner           - Initializing JavaFX AnimationTimerLoop
16:48:25.453 [JavaFX Application Thread] DEBUG GameApplicationServi - Starting new game
16:48:25.454 [JavaFX Application Thread] DEBUG Input                - Clearing active input actions
16:48:25.465 [JavaFX Application Thread] DEBUG GameApplicationServi - Removing overlay from FXGLStartupScene and adding to FXGLLoadingScene
16:48:25.466 [JavaFX Application Thread] DEBUG PrimaryStageWindow   - FXGLStartupScene -> FXGLLoadingScene
16:48:25.466 [JavaFX Application Thread] DEBUG GameApplicationServi - Clearing previous game
16:48:25.466 [JavaFX Application Thread] DEBUG GameScene            - Clearing game scene
16:48:25.466 [JavaFX Application Thread] DEBUG GameWorld            - Clearing game world
16:48:25.466 [JavaFX Application Thread] DEBUG PhysicsWorld         - Clearing physics world
16:48:25.468 [FXGL Background Thread 4 ] DEBUG FXGLApplication      - Initializing game
16:48:25.475 [FXGL Background Thread 4 ] INFO  FXGLApplication      - Game initialization took: 0,007 sec
16:48:25.511 [JavaFX Application Thread] DEBUG FXGLApplication      - Registering font factories with UI factory
16:48:25.518 [JavaFX Application Thread] DEBUG Input                - Clearing active input actions
16:48:25.521 [JavaFX Application Thread] DEBUG GameApplicationServi - Removing overlay from FXGLLoadingScene and adding to GameScene
16:48:25.521 [JavaFX Application Thread] DEBUG PrimaryStageWindow   - FXGLLoadingScene -> GameScene
16:48:27.606 [JavaFX Application Thread] DEBUG FXGLApplication      - Exiting FXGL
16:48:27.606 [JavaFX Application Thread] DEBUG LoopRunner           - Stopping loop
16:48:27.606 [JavaFX Application Thread] DEBUG SystemBundleService  - Saving FXGL system data
16:48:27.608 [JavaFX Application Thread] DEBUG FileSystemAccess     - Writing to: C:\Users\yakok\Desktop\Java\DungeonCrawler\system\fxgl.bundle
16:48:27.610 [JavaFX Application Thread] DEBUG Async                - Shutting down background threads
16:48:27.610 [JavaFX Application Thread] DEBUG PrimaryStageWindow   - Closing main window
16:48:27.621 [JavaFX Application Thread] DEBUG Logger               - Closing Logger
