16:50:50.990 [main                     ] DEBUG Logger               - Configured Logger
16:50:51.021 [main                     ] DEBUG GameApplication      - Logging settings
Title: DungeonCrawler
Version: 1.0
Width: 800
Height: 800
Fullscreen: false
Intro: false
Profiling: false
Single step:false
App Mode: DEVELOPER
Menu Key: ESCAPE
Stage Style: DECORATED
Scene Factory: class com.almasb.fxgl.app.scene.SceneFactory

16:50:51.497 [JavaFX Application Thread] DEBUG FXGLApplication      - Initializing FXGL
16:50:51.502 [JavaFX Application Thread] INFO  Engine               - FXGL-17.2 (20.08.2022 16.50) on WINDOWS (J:17.0.1 FX:18)
16:50:51.502 [JavaFX Application Thread] DEBUG Engine               - JRE Vendor Name: Oracle Corporation
16:50:51.502 [JavaFX Application Thread] DEBUG Engine               - Running on OS: Windows 10 version 10.0
16:50:51.502 [JavaFX Application Thread] DEBUG Engine               - Architecture: amd64
16:50:51.502 [JavaFX Application Thread] INFO  Engine               - Source code and latest versions at: https://github.com/AlmasB/FXGL
16:50:51.502 [JavaFX Application Thread] INFO  Engine               -       Ask questions and discuss at: https://github.com/AlmasB/FXGL/discussions
16:50:51.502 [JavaFX Application Thread] INFO  Engine               -              Join the FXGL chat at: https://gitter.im/AlmasB/FXGL
16:50:51.616 [JavaFX Application Thread] DEBUG PrimaryStageWindow   - Creating a JavaFX scene
16:50:51.660 [JavaFX Application Thread] DEBUG PrimaryStageWindow   - Target settings size: 800.0 x 800.0
16:50:51.661 [JavaFX Application Thread] DEBUG PrimaryStageWindow   - Scaled scene size:    800.0 x 800.0
16:50:51.661 [JavaFX Application Thread] DEBUG PrimaryStageWindow   - Scaled ratio: (1.0, 1.0)
16:50:51.662 [JavaFX Application Thread] DEBUG PrimaryStageWindow   - Set initial scene to FXGLStartupScene
16:50:51.669 [JavaFX Application Thread] DEBUG PrimaryStageWindow   - Opening main window
16:50:51.767 [JavaFX Application Thread] DEBUG PrimaryStageWindow   - Window border size: (16.0, 39.0)
16:50:51.767 [JavaFX Application Thread] DEBUG PrimaryStageWindow   - Scaled size: 800.0 x 800.0
16:50:51.767 [JavaFX Application Thread] DEBUG PrimaryStageWindow   - Scaled ratio: (1.0, 1.0)
16:50:51.767 [JavaFX Application Thread] DEBUG PrimaryStageWindow   - Scene size: 800.0 x 800.0
16:50:51.768 [JavaFX Application Thread] DEBUG PrimaryStageWindow   - Stage size: 816.0 x 839.0
16:50:51.777 [FXGL Background Thread 1 ] DEBUG Engine               - Initializing environment variables
16:50:51.826 [FXGL Background Thread 1 ] DEBUG FXGLAssetLoaderServi - User app class for loading assets: class Views.GameView
16:50:51.827 [FXGL Background Thread 1 ] DEBUG GameApplicationServi - Applying CSS: fxgl_dark.css
16:50:51.828 [FXGL Background Thread 1 ] DEBUG FXGLAssetLoaderServi - Loading from file system: jar:file:/C:/Users/yakok/.m2/repository/com/github/almasb/fxgl/17.2/fxgl-17.2.jar!/fxglassets/ui/css/fxgl_dark.css
16:50:51.869 [FXGL Background Thread 1 ] DEBUG GameApplicationServi - Initializing application scenes
16:50:51.900 [FXGL Background Thread 1 ] DEBUG GameWorld            - Game world initialized
16:50:51.958 [FXGL Background Thread 1 ] DEBUG PhysicsWorld         - Physics world initialized: appHeight=800, physics.ppm=50,0
16:50:51.958 [FXGL Background Thread 1 ] DEBUG PhysicsWorld         - Using strategy: BRUTE_FORCE
16:50:51.962 [FXGL Background Thread 1 ] DEBUG GameScene            - Game scene initialized: 800x800
16:50:51.974 [FXGL Background Thread 1 ] DEBUG FXGL.DefaultMenu     - createMenuBodyGameMenu()
16:50:51.989 [FXGL Background Thread 1 ] DEBUG FXGL.DefaultMenu     - createOptionsMenu()
16:50:52.000 [FXGL Background Thread 1 ] DEBUG FXGLAssetLoaderServi - Loading from file system: jar:file:/C:/Users/yakok/.m2/repository/com/github/almasb/fxgl/17.2/fxgl-17.2.jar!/fxglassets/textures/particles/smoke.png
16:50:52.076 [FXGL Background Thread 1 ] DEBUG FXGLAssetLoaderServi - Loading from file system: jar:file:/C:/Users/yakok/.m2/repository/com/github/almasb/fxgl/17.2/fxgl-17.2.jar!/fxglassets/textures/particles/trace_horizontal.png
16:50:52.104 [FXGL Background Thread 1 ] DEBUG GameApplicationServi - Application scenes initialized
16:50:52.115 [FXGL Background Thread 1 ] DEBUG SystemBundleService  - Loading FXGL system data
16:50:52.120 [FXGL Background Thread 1 ] DEBUG FileSystemAccess     - Reading from: C:\Users\yakok\Desktop\Java\DungeonCrawler\system\fxgl.bundle
16:50:52.125 [FXGL Background Thread 1 ] DEBUG SystemBundleService  - Bundle FXGL: {}
16:50:52.125 [FXGL Background Thread 1 ] DEBUG UpdaterService       - Checking for updates
16:50:52.129 [FXGL Background Thread 4 ] DEBUG FXGLApplication      - Loading fonts
16:50:52.129 [FXGL Background Thread 4 ] DEBUG FXGLAssetLoaderServi - Loading from file system: jar:file:/C:/Users/yakok/.m2/repository/com/github/almasb/fxgl/17.2/fxgl-17.2.jar!/fxglassets/ui/fonts/VarelaRound-Regular.ttf
16:50:52.129 [FXGL Background Thread 1 ] DEBUG FXGLApplication      - Loading default localization
16:50:52.130 [FXGL Background Thread 1 ] DEBUG FXGLAssetLoaderServi - Loading from file system: jar:file:/C:/Users/yakok/.m2/repository/com/github/almasb/fxgl/17.2/fxgl-17.2.jar!/fxglassets/languages/english.lang
16:50:52.148 [FXGL Background Thread 1 ] INFO  FXGLApplication      - FXGL initialization took: 0,371 sec
16:50:52.157 [JavaFX Application Thread] DEBUG Input                - Registered new binding: action0 - D
16:50:52.157 [JavaFX Application Thread] DEBUG Input                - Registered new binding: action1 - A
16:50:52.158 [JavaFX Application Thread] DEBUG Input                - Registered new binding: action2 - W
16:50:52.158 [JavaFX Application Thread] DEBUG Input                - Registered new binding: action3 - S
16:50:52.158 [JavaFX Application Thread] DEBUG FXGLAssetLoaderServi - Loading from file system: jar:file:/C:/Users/yakok/.m2/repository/com/github/almasb/fxgl/17.2/fxgl-17.2.jar!/fxglassets/textures/fxgl_icon.png
16:50:52.174 [JavaFX Application Thread] DEBUG FXGLAssetLoaderServi - Loading from file system: jar:file:/C:/Users/yakok/.m2/repository/com/github/almasb/fxgl/17.2/fxgl-17.2.jar!/fxglassets/textures/fxgl_default_cursor.png
16:50:52.176 [JavaFX Application Thread] DEBUG Input                - Registered new binding: Screenshot - CTRL+8
16:50:52.176 [JavaFX Application Thread] DEBUG Input                - Registered new binding: System info dump - CTRL+9
16:50:52.177 [JavaFX Application Thread] DEBUG Input                - Registered new binding: Restart - CTRL+R
16:50:52.178 [JavaFX Application Thread] DEBUG Input                - Registered new binding: Toggle Debug Camera - CTRL+7
16:50:52.180 [JavaFX Application Thread] DEBUG LoopRunner           - Starting loop
16:50:52.180 [JavaFX Application Thread] DEBUG LoopRunner           - Initializing JavaFX AnimationTimerLoop
16:50:52.181 [JavaFX Application Thread] DEBUG GameApplicationServi - Starting new game
16:50:52.182 [JavaFX Application Thread] DEBUG Input                - Clearing active input actions
16:50:52.188 [FXGL Background Thread 4 ] DEBUG FXGLAssetLoaderServi - Loading from file system: jar:file:/C:/Users/yakok/.m2/repository/com/github/almasb/fxgl/17.2/fxgl-17.2.jar!/fxglassets/ui/fonts/Abel-Regular.ttf
16:50:52.192 [FXGL Background Thread 4 ] DEBUG FXGLAssetLoaderServi - Loading from file system: jar:file:/C:/Users/yakok/.m2/repository/com/github/almasb/fxgl/17.2/fxgl-17.2.jar!/fxglassets/ui/fonts/TerminalLandMono-Regular.otf
16:50:52.192 [JavaFX Application Thread] DEBUG GameApplicationServi - Removing overlay from FXGLStartupScene and adding to FXGLLoadingScene
16:50:52.193 [JavaFX Application Thread] DEBUG PrimaryStageWindow   - FXGLStartupScene -> FXGLLoadingScene
16:50:52.193 [JavaFX Application Thread] DEBUG GameApplicationServi - Clearing previous game
16:50:52.193 [JavaFX Application Thread] DEBUG GameScene            - Clearing game scene
16:50:52.193 [JavaFX Application Thread] DEBUG GameWorld            - Clearing game world
16:50:52.194 [JavaFX Application Thread] DEBUG PhysicsWorld         - Clearing physics world
16:50:52.196 [FXGL Background Thread 1 ] DEBUG FXGLApplication      - Initializing game
16:50:52.196 [FXGL Background Thread 4 ] DEBUG FXGLAssetLoaderServi - Loading from file system: jar:file:/C:/Users/yakok/.m2/repository/com/github/almasb/fxgl/17.2/fxgl-17.2.jar!/fxglassets/ui/fonts/Courier-Prime.ttf
16:50:52.210 [FXGL Background Thread 1 ] INFO  FXGLApplication      - Game initialization took: 0,014 sec
16:50:52.238 [JavaFX Application Thread] DEBUG FXGLApplication      - Registering font factories with UI factory
16:50:52.240 [JavaFX Application Thread] DEBUG Input                - Clearing active input actions
16:50:52.246 [JavaFX Application Thread] DEBUG GameApplicationServi - Removing overlay from FXGLLoadingScene and adding to GameScene
16:50:52.246 [JavaFX Application Thread] DEBUG PrimaryStageWindow   - FXGLLoadingScene -> GameScene
16:50:54.892 [JavaFX Application Thread] DEBUG FXGLApplication      - Exiting FXGL
16:50:54.892 [JavaFX Application Thread] DEBUG LoopRunner           - Stopping loop
16:50:54.892 [JavaFX Application Thread] DEBUG SystemBundleService  - Saving FXGL system data
16:50:54.895 [JavaFX Application Thread] DEBUG FileSystemAccess     - Writing to: C:\Users\yakok\Desktop\Java\DungeonCrawler\system\fxgl.bundle
16:50:54.897 [JavaFX Application Thread] DEBUG Async                - Shutting down background threads
16:50:54.897 [JavaFX Application Thread] DEBUG PrimaryStageWindow   - Closing main window
16:50:54.913 [JavaFX Application Thread] DEBUG Logger               - Closing Logger
