16:50:08.640 [main                     ] DEBUG Logger               - Configured Logger
16:50:08.667 [main                     ] DEBUG GameApplication      - Logging settings
Title: DungeonCrawler
Version: 1.0
Width: 800
Height: 800
Fullscreen: false
Intro: false
Profiling: false
Single step:false
App Mode: DEVELOPER
Menu Key: ESCAPE
Stage Style: DECORATED
Scene Factory: class com.almasb.fxgl.app.scene.SceneFactory

16:50:09.148 [JavaFX Application Thread] DEBUG FXGLApplication      - Initializing FXGL
16:50:09.154 [JavaFX Application Thread] INFO  Engine               - FXGL-17.2 (20.08.2022 16.50) on WINDOWS (J:17.0.1 FX:18)
16:50:09.154 [JavaFX Application Thread] DEBUG Engine               - JRE Vendor Name: Oracle Corporation
16:50:09.154 [JavaFX Application Thread] DEBUG Engine               - Running on OS: Windows 10 version 10.0
16:50:09.154 [JavaFX Application Thread] DEBUG Engine               - Architecture: amd64
16:50:09.154 [JavaFX Application Thread] INFO  Engine               - Source code and latest versions at: https://github.com/AlmasB/FXGL
16:50:09.155 [JavaFX Application Thread] INFO  Engine               -       Ask questions and discuss at: https://github.com/AlmasB/FXGL/discussions
16:50:09.155 [JavaFX Application Thread] INFO  Engine               -              Join the FXGL chat at: https://gitter.im/AlmasB/FXGL
16:50:09.266 [JavaFX Application Thread] DEBUG PrimaryStageWindow   - Creating a JavaFX scene
16:50:09.308 [JavaFX Application Thread] DEBUG PrimaryStageWindow   - Target settings size: 800.0 x 800.0
16:50:09.309 [JavaFX Application Thread] DEBUG PrimaryStageWindow   - Scaled scene size:    800.0 x 800.0
16:50:09.309 [JavaFX Application Thread] DEBUG PrimaryStageWindow   - Scaled ratio: (1.0, 1.0)
16:50:09.310 [JavaFX Application Thread] DEBUG PrimaryStageWindow   - Set initial scene to FXGLStartupScene
16:50:09.317 [JavaFX Application Thread] DEBUG PrimaryStageWindow   - Opening main window
16:50:09.407 [JavaFX Application Thread] DEBUG PrimaryStageWindow   - Window border size: (16.0, 39.0)
16:50:09.407 [JavaFX Application Thread] DEBUG PrimaryStageWindow   - Scaled size: 800.0 x 800.0
16:50:09.407 [JavaFX Application Thread] DEBUG PrimaryStageWindow   - Scaled ratio: (1.0, 1.0)
16:50:09.408 [JavaFX Application Thread] DEBUG PrimaryStageWindow   - Scene size: 800.0 x 800.0
16:50:09.408 [JavaFX Application Thread] DEBUG PrimaryStageWindow   - Stage size: 816.0 x 839.0
16:50:09.418 [FXGL Background Thread 1 ] DEBUG Engine               - Initializing environment variables
16:50:09.472 [FXGL Background Thread 1 ] DEBUG FXGLAssetLoaderServi - User app class for loading assets: class Views.GameView
16:50:09.472 [FXGL Background Thread 1 ] DEBUG GameApplicationServi - Applying CSS: fxgl_dark.css
16:50:09.474 [FXGL Background Thread 1 ] DEBUG FXGLAssetLoaderServi - Loading from file system: jar:file:/C:/Users/yakok/.m2/repository/com/github/almasb/fxgl/17.2/fxgl-17.2.jar!/fxglassets/ui/css/fxgl_dark.css
16:50:09.519 [FXGL Background Thread 1 ] DEBUG GameApplicationServi - Initializing application scenes
16:50:09.560 [FXGL Background Thread 1 ] DEBUG GameWorld            - Game world initialized
16:50:09.618 [FXGL Background Thread 1 ] DEBUG PhysicsWorld         - Physics world initialized: appHeight=800, physics.ppm=50,0
16:50:09.618 [FXGL Background Thread 1 ] DEBUG PhysicsWorld         - Using strategy: BRUTE_FORCE
16:50:09.623 [FXGL Background Thread 1 ] DEBUG GameScene            - Game scene initialized: 800x800
16:50:09.635 [FXGL Background Thread 1 ] DEBUG FXGL.DefaultMenu     - createMenuBodyGameMenu()
16:50:09.652 [FXGL Background Thread 1 ] DEBUG FXGL.DefaultMenu     - createOptionsMenu()
16:50:09.662 [FXGL Background Thread 1 ] DEBUG FXGLAssetLoaderServi - Loading from file system: jar:file:/C:/Users/yakok/.m2/repository/com/github/almasb/fxgl/17.2/fxgl-17.2.jar!/fxglassets/textures/particles/smoke.png
16:50:09.740 [FXGL Background Thread 1 ] DEBUG FXGLAssetLoaderServi - Loading from file system: jar:file:/C:/Users/yakok/.m2/repository/com/github/almasb/fxgl/17.2/fxgl-17.2.jar!/fxglassets/textures/particles/trace_horizontal.png
16:50:09.763 [FXGL Background Thread 1 ] DEBUG GameApplicationServi - Application scenes initialized
16:50:09.775 [FXGL Background Thread 1 ] DEBUG SystemBundleService  - Loading FXGL system data
16:50:09.779 [FXGL Background Thread 1 ] DEBUG FileSystemAccess     - Reading from: C:\Users\yakok\Desktop\Java\DungeonCrawler\system\fxgl.bundle
16:50:09.784 [FXGL Background Thread 1 ] DEBUG SystemBundleService  - Bundle FXGL: {}
16:50:09.784 [FXGL Background Thread 1 ] DEBUG UpdaterService       - Checking for updates
16:50:09.789 [FXGL Background Thread 4 ] DEBUG FXGLApplication      - Loading fonts
16:50:09.789 [FXGL Background Thread 4 ] DEBUG FXGLAssetLoaderServi - Loading from file system: jar:file:/C:/Users/yakok/.m2/repository/com/github/almasb/fxgl/17.2/fxgl-17.2.jar!/fxglassets/ui/fonts/VarelaRound-Regular.ttf
16:50:09.790 [FXGL Background Thread 1 ] DEBUG FXGLApplication      - Loading default localization
16:50:09.790 [FXGL Background Thread 1 ] DEBUG FXGLAssetLoaderServi - Loading from file system: jar:file:/C:/Users/yakok/.m2/repository/com/github/almasb/fxgl/17.2/fxgl-17.2.jar!/fxglassets/languages/english.lang
16:50:09.811 [FXGL Background Thread 1 ] INFO  FXGLApplication      - FXGL initialization took: 0,392 sec
16:50:09.821 [JavaFX Application Thread] DEBUG Input                - Registered new binding: action0 - D
16:50:09.821 [JavaFX Application Thread] DEBUG Input                - Registered new binding: action1 - A
16:50:09.822 [JavaFX Application Thread] DEBUG Input                - Registered new binding: action2 - W
16:50:09.822 [JavaFX Application Thread] DEBUG Input                - Registered new binding: action3 - S
16:50:09.822 [JavaFX Application Thread] DEBUG FXGLAssetLoaderServi - Loading from file system: jar:file:/C:/Users/yakok/.m2/repository/com/github/almasb/fxgl/17.2/fxgl-17.2.jar!/fxglassets/textures/fxgl_icon.png
16:50:09.840 [JavaFX Application Thread] DEBUG FXGLAssetLoaderServi - Loading from file system: jar:file:/C:/Users/yakok/.m2/repository/com/github/almasb/fxgl/17.2/fxgl-17.2.jar!/fxglassets/textures/fxgl_default_cursor.png
16:50:09.842 [JavaFX Application Thread] DEBUG Input                - Registered new binding: Screenshot - CTRL+8
16:50:09.842 [JavaFX Application Thread] DEBUG Input                - Registered new binding: System info dump - CTRL+9
16:50:09.843 [JavaFX Application Thread] DEBUG Input                - Registered new binding: Restart - CTRL+R
16:50:09.843 [JavaFX Application Thread] DEBUG Input                - Registered new binding: Toggle Debug Camera - CTRL+7
16:50:09.845 [JavaFX Application Thread] DEBUG LoopRunner           - Starting loop
16:50:09.846 [JavaFX Application Thread] DEBUG LoopRunner           - Initializing JavaFX AnimationTimerLoop
16:50:09.847 [JavaFX Application Thread] DEBUG GameApplicationServi - Starting new game
16:50:09.847 [FXGL Background Thread 4 ] DEBUG FXGLAssetLoaderServi - Loading from file system: jar:file:/C:/Users/yakok/.m2/repository/com/github/almasb/fxgl/17.2/fxgl-17.2.jar!/fxglassets/ui/fonts/Abel-Regular.ttf
16:50:09.847 [JavaFX Application Thread] DEBUG Input                - Clearing active input actions
16:50:09.852 [FXGL Background Thread 4 ] DEBUG FXGLAssetLoaderServi - Loading from file system: jar:file:/C:/Users/yakok/.m2/repository/com/github/almasb/fxgl/17.2/fxgl-17.2.jar!/fxglassets/ui/fonts/TerminalLandMono-Regular.otf
16:50:09.856 [JavaFX Application Thread] DEBUG GameApplicationServi - Removing overlay from FXGLStartupScene and adding to FXGLLoadingScene
16:50:09.856 [FXGL Background Thread 4 ] DEBUG FXGLAssetLoaderServi - Loading from file system: jar:file:/C:/Users/yakok/.m2/repository/com/github/almasb/fxgl/17.2/fxgl-17.2.jar!/fxglassets/ui/fonts/Courier-Prime.ttf
16:50:09.857 [JavaFX Application Thread] DEBUG PrimaryStageWindow   - FXGLStartupScene -> FXGLLoadingScene
16:50:09.857 [JavaFX Application Thread] DEBUG GameApplicationServi - Clearing previous game
16:50:09.857 [JavaFX Application Thread] DEBUG GameScene            - Clearing game scene
16:50:09.857 [JavaFX Application Thread] DEBUG GameWorld            - Clearing game world
16:50:09.857 [JavaFX Application Thread] DEBUG PhysicsWorld         - Clearing physics world
16:50:09.858 [FXGL Background Thread 1 ] DEBUG FXGLApplication      - Initializing game
16:50:09.867 [FXGL Background Thread 1 ] INFO  FXGLApplication      - Game initialization took: 0,009 sec
16:50:09.892 [JavaFX Application Thread] DEBUG FXGLApplication      - Registering font factories with UI factory
16:50:09.894 [JavaFX Application Thread] DEBUG Input                - Clearing active input actions
16:50:09.899 [JavaFX Application Thread] DEBUG GameApplicationServi - Removing overlay from FXGLLoadingScene and adding to GameScene
16:50:09.899 [JavaFX Application Thread] DEBUG PrimaryStageWindow   - FXGLLoadingScene -> GameScene
16:50:12.745 [JavaFX Application Thread] DEBUG FXGLApplication      - Exiting FXGL
16:50:12.746 [JavaFX Application Thread] DEBUG LoopRunner           - Stopping loop
16:50:12.746 [JavaFX Application Thread] DEBUG SystemBundleService  - Saving FXGL system data
16:50:12.748 [JavaFX Application Thread] DEBUG FileSystemAccess     - Writing to: C:\Users\yakok\Desktop\Java\DungeonCrawler\system\fxgl.bundle
16:50:12.749 [JavaFX Application Thread] DEBUG Async                - Shutting down background threads
16:50:12.749 [JavaFX Application Thread] DEBUG PrimaryStageWindow   - Closing main window
16:50:12.764 [JavaFX Application Thread] DEBUG Logger               - Closing Logger
